Using pre-set license
Built from '2022.3/staging' branch; Version is '2022.3.19f1 (244b723c30a6) revision 2378610'; Using compiler version '192829333'; Build Type 'Release'
OS: 'Windows 11  (10.0.22631) 64bit Core' Language: 'en' Physical Memory: 32602 MB
BatchMode: 1, IsHumanControllingUs: 0, StartBugReporterOnCrash: 0, Is64bit: 1, IsPro: 1

COMMAND LINE ARGUMENTS:
C:\Program Files\Unity\Hub\Editor\2022.3.19f1\Editor\Unity.exe
-adb2
-batchMode
-noUpm
-name
AssetImportWorker4
-projectPath
C:/Users/wayne/Fart_3D
-logFile
Logs/AssetImportWorker4.log
-srvPort
64155
Successfully changed project path to: C:/Users/wayne/Fart_3D
C:/Users/wayne/Fart_3D
[UnityMemory] Configuration Parameters - Can be set up in boot.config
    "memorysetup-bucket-allocator-granularity=16"
    "memorysetup-bucket-allocator-bucket-count=8"
    "memorysetup-bucket-allocator-block-size=33554432"
    "memorysetup-bucket-allocator-block-count=8"
    "memorysetup-main-allocator-block-size=16777216"
    "memorysetup-thread-allocator-block-size=16777216"
    "memorysetup-gfx-main-allocator-block-size=16777216"
    "memorysetup-gfx-thread-allocator-block-size=16777216"
    "memorysetup-cache-allocator-block-size=4194304"
    "memorysetup-typetree-allocator-block-size=2097152"
    "memorysetup-profiler-bucket-allocator-granularity=16"
    "memorysetup-profiler-bucket-allocator-bucket-count=8"
    "memorysetup-profiler-bucket-allocator-block-size=33554432"
    "memorysetup-profiler-bucket-allocator-block-count=8"
    "memorysetup-profiler-allocator-block-size=16777216"
    "memorysetup-profiler-editor-allocator-block-size=1048576"
    "memorysetup-temp-allocator-size-main=16777216"
    "memorysetup-job-temp-allocator-block-size=2097152"
    "memorysetup-job-temp-allocator-block-size-background=1048576"
    "memorysetup-job-temp-allocator-reduction-small-platforms=262144"
    "memorysetup-allocator-temp-initial-block-size-main=262144"
    "memorysetup-allocator-temp-initial-block-size-worker=262144"
    "memorysetup-temp-allocator-size-background-worker=32768"
    "memorysetup-temp-allocator-size-job-worker=262144"
    "memorysetup-temp-allocator-size-preload-manager=33554432"
    "memorysetup-temp-allocator-size-nav-mesh-worker=65536"
    "memorysetup-temp-allocator-size-audio-worker=65536"
    "memorysetup-temp-allocator-size-cloud-worker=32768"
    "memorysetup-temp-allocator-size-gi-baking-worker=262144"
    "memorysetup-temp-allocator-size-gfx=262144"
Player connection [8316] Host "[IP] 192.168.1.111 [Port] 0 [Flags] 2 [Guid] 3219584227 [EditorId] 3219584227 [Version] 1048832 [Id] WindowsEditor(7,WaynePC) [Debug] 1 [PackageName] WindowsEditor [ProjectName] Editor" joined multi-casting on [225.0.0.222:54997]...

Player connection [8316] Host "[IP] 192.168.1.111 [Port] 0 [Flags] 2 [Guid] 3219584227 [EditorId] 3219584227 [Version] 1048832 [Id] WindowsEditor(7,WaynePC) [Debug] 1 [PackageName] WindowsEditor [ProjectName] Editor" joined alternative multi-casting on [225.0.0.222:34997]...

[Physics::Module] Initialized MultithreadedJobDispatcher with 23 workers.
Refreshing native plugins compatible for Editor in 5.45 ms, found 3 plugins.
Preloading 0 native plugins for Editor in 0.00 ms.
Initialize engine version: 2022.3.19f1 (244b723c30a6)
[Subsystems] Discovering subsystems at path C:/Program Files/Unity/Hub/Editor/2022.3.19f1/Editor/Data/Resources/UnitySubsystems
[Subsystems] Discovering subsystems at path C:/Users/wayne/Fart_3D/Assets
GfxDevice: creating device client; threaded=0; jobified=0
Direct3D:
    Version:  Direct3D 11.0 [level 11.1]
    Renderer: NVIDIA GeForce RTX 4060 (ID=0x2882)
    Vendor:   NVIDIA
    VRAM:     7957 MB
    Driver:   32.0.15.6094
Initialize mono
Mono path[0] = 'C:/Program Files/Unity/Hub/Editor/2022.3.19f1/Editor/Data/Managed'
Mono path[1] = 'C:/Program Files/Unity/Hub/Editor/2022.3.19f1/Editor/Data/MonoBleedingEdge/lib/mono/unityjit-win32'
Mono config path = 'C:/Program Files/Unity/Hub/Editor/2022.3.19f1/Editor/Data/MonoBleedingEdge/etc'
Using monoOptions --debugger-agent=transport=dt_socket,embedding=1,server=y,suspend=n,address=127.0.0.1:56540
Begin MonoManager ReloadAssembly
Registering precompiled unity dll's ...
Register platform support module: C:/Program Files/Unity/Hub/Editor/2022.3.19f1/Editor/Data/PlaybackEngines/WebGLSupport/UnityEditor.WebGL.Extensions.dll
Register platform support module: C:/Program Files/Unity/Hub/Editor/2022.3.19f1/Editor/Data/PlaybackEngines/WindowsStandaloneSupport/UnityEditor.WindowsStandalone.Extensions.dll
Registered in 0.005059 seconds.
- Loaded All Assemblies, in  0.220 seconds
Native extension for WindowsStandalone target not found
Native extension for WebGL target not found
Mono: successfully reloaded assembly
- Finished resetting the current domain, in  0.161 seconds
Domain Reload Profiling: 380ms
	BeginReloadAssembly (71ms)
		ExecutionOrderSort (0ms)
		DisableScriptedObjects (0ms)
		BackupInstance (0ms)
		ReleaseScriptingObjects (0ms)
		CreateAndSetChildDomain (0ms)
	RebuildCommonClasses (21ms)
	RebuildNativeTypeToScriptingClass (6ms)
	initialDomainReloadingComplete (37ms)
	LoadAllAssembliesAndSetupDomain (84ms)
		LoadAssemblies (70ms)
		RebuildTransferFunctionScriptingTraits (0ms)
		AnalyzeDomain (83ms)
			TypeCache.Refresh (82ms)
				TypeCache.ScanAssembly (74ms)
			ScanForSourceGeneratedMonoScriptInfo (0ms)
			ResolveRequiredComponents (0ms)
	FinalizeReload (162ms)
		ReleaseScriptCaches (0ms)
		RebuildScriptCaches (0ms)
		SetupLoadedEditorAssemblies (127ms)
			LogAssemblyErrors (0ms)
			InitializePlatformSupportModulesInManaged (6ms)
			SetLoadedEditorAssemblies (3ms)
			RefreshPlugins (0ms)
			BeforeProcessingInitializeOnLoad (1ms)
			ProcessInitializeOnLoadAttributes (87ms)
			ProcessInitializeOnLoadMethodAttributes (29ms)
			AfterProcessingInitializeOnLoad (0ms)
			EditorAssembliesLoaded (0ms)
		ExecutionOrderSort2 (0ms)
		AwakeInstancesAfterBackupRestoration (0ms)
========================================================================
Worker process is ready to serve import requests
Begin MonoManager ReloadAssembly
TypeRef ResolutionScope not yet handled (218) for .IMergeView in image C:\Users\wayne\Fart_3D\Library\ScriptAssemblies\Unity.PlasticSCM.Editor.dll
Unloading broken assembly Library/ScriptAssemblies/Unity.PlasticSCM.Editor.dll, this assembly can cause crashes in the runtime
- Loaded All Assemblies, in  0.390 seconds
Refreshing native plugins compatible for Editor in 1.73 ms, found 3 plugins.
Could not load signature of Unity.PlasticSCM.Editor.Gluon.UpdateReport.UpdateReportDialog:ShowUpdateReport due to: Could not resolve type with token 0100006b from typeref (expected class 'Codice.Client.BaseCommands.ErrorMessage' in assembly 'unityplastic, Version=11.0.16.8204, Culture=neutral, PublicKeyToken=a107c9c6e34c8876') assembly:unityplastic, Version=11.0.16.8204, Culture=neutral, PublicKeyToken=a107c9c6e34c8876 type:Codice.Client.BaseCommands.ErrorMessage member:(null)
Could not load signature of Unity.PlasticSCM.Editor.Gluon.UpdateReport.UpdateReportDialog:UpdateUpdateReportList due to: Could not resolve type with token 0100006b from typeref (expected class 'Codice.Client.BaseCommands.ErrorMessage' in assembly 'unityplastic, Version=11.0.16.8204, Culture=neutral, PublicKeyToken=a107c9c6e34c8876') assembly:unityplastic, Version=11.0.16.8204, Culture=neutral, PublicKeyToken=a107c9c6e34c8876 type:Codice.Client.BaseCommands.ErrorMessage member:(null)
Could not load signature of Unity.PlasticSCM.Editor.Gluon.UpdateReport.UpdateReportDialog:GetErrorDetailsText due to: Could not resolve type with token 0100006b from typeref (expected class 'Codice.Client.BaseCommands.ErrorMessage' in assembly 'unityplastic, Version=11.0.16.8204, Culture=neutral, PublicKeyToken=a107c9c6e34c8876') assembly:unityplastic, Version=11.0.16.8204, Culture=neutral, PublicKeyToken=a107c9c6e34c8876 type:Codice.Client.BaseCommands.ErrorMessage member:(null)
Could not load signature of Unity.PlasticSCM.Editor.Gluon.UpdateReport.UpdateReportDialog:DoErrorDetailsTextArea due to: Could not resolve type with token 0100006b from typeref (expected class 'Codice.Client.BaseCommands.ErrorMessage' in assembly 'unityplastic, Version=11.0.16.8204, Culture=neutral, PublicKeyToken=a107c9c6e34c8876') assembly:unityplastic, Version=11.0.16.8204, Culture=neutral, PublicKeyToken=a107c9c6e34c8876 type:Codice.Client.BaseCommands.ErrorMessage member:(null)
Could not load signature of Unity.PlasticSCM.Editor.Gluon.UpdateReport.UpdateReportDialog:Create due to: Could not resolve type with token 0100006b from typeref (expected class 'Codice.Client.BaseCommands.ErrorMessage' in assembly 'unityplastic, Version=11.0.16.8204, Culture=neutral, PublicKeyToken=a107c9c6e34c8876') assembly:unityplastic, Version=11.0.16.8204, Culture=neutral, PublicKeyToken=a107c9c6e34c8876 type:Codice.Client.BaseCommands.ErrorMessage member:(null)
Native extension for WindowsStandalone target not found
Native extension for WebGL target not found
Package Manager log level set to [2]
[Package Manager] Server::EnsureServerProcessIsRunning -- launch failed, reason: Unity was launched with the -noUpm command-line argument
[Package Manager] UpmClient::Send -- Unable to send message (not connected to UPM process).
[Package Manager] Cannot connect to Unity Package Manager local server
Mono: successfully reloaded assembly
- Finished resetting the current domain, in  0.330 seconds
Domain Reload Profiling: 718ms
	BeginReloadAssembly (89ms)
		ExecutionOrderSort (0ms)
		DisableScriptedObjects (3ms)
		BackupInstance (0ms)
		ReleaseScriptingObjects (0ms)
		CreateAndSetChildDomain (12ms)
	RebuildCommonClasses (19ms)
	RebuildNativeTypeToScriptingClass (6ms)
	initialDomainReloadingComplete (25ms)
	LoadAllAssembliesAndSetupDomain (248ms)
		LoadAssemblies (201ms)
		RebuildTransferFunctionScriptingTraits (0ms)
		AnalyzeDomain (101ms)
			TypeCache.Refresh (88ms)
				TypeCache.ScanAssembly (79ms)
			ScanForSourceGeneratedMonoScriptInfo (10ms)
			ResolveRequiredComponents (2ms)
	FinalizeReload (330ms)
		ReleaseScriptCaches (0ms)
		RebuildScriptCaches (0ms)
		SetupLoadedEditorAssemblies (246ms)
			LogAssemblyErrors (0ms)
			InitializePlatformSupportModulesInManaged (4ms)
			SetLoadedEditorAssemblies (2ms)
			RefreshPlugins (0ms)
			BeforeProcessingInitializeOnLoad (38ms)
			ProcessInitializeOnLoadAttributes (186ms)
			ProcessInitializeOnLoadMethodAttributes (11ms)
			AfterProcessingInitializeOnLoad (4ms)
			EditorAssembliesLoaded (0ms)
		ExecutionOrderSort2 (0ms)
		AwakeInstancesAfterBackupRestoration (4ms)
Launched and connected shader compiler UnityShaderCompiler.exe after 0.04 seconds
Refreshing native plugins compatible for Editor in 3.14 ms, found 3 plugins.
Preloading 0 native plugins for Editor in 0.00 ms.
Unloading 3105 Unused Serialized files (Serialized files now loaded: 0)
Unloading 30 unused Assets / (57.0 KB). Loaded Objects now: 3566.
Memory consumption went from 123.4 MB to 123.4 MB.
Total: 2.446000 ms (FindLiveObjects: 0.248900 ms CreateObjectMapping: 0.084400 ms MarkObjects: 2.021300 ms  DeleteObjects: 0.089900 ms)

AssetImportParameters requested are different than current active one (requested -> active):
  custom:container-demuxer-ogg: 62fdf1f143b41e24485cea50d1cbac27 -> 
  custom:scripting/precompiled-assembly-types:Unity.PlasticSCM.Editor: fa07261737969afd534745fdbb5a9ba0 -> 
  custom:video-codec-MediaFoundation-h265: 746d11721c4dcdbdad8f713fa42b33f4 -> 
  custom:video-decoder-ogg-theora: a1e56fd34408186e4bbccfd4996cb3dc -> 
  custom:framework-win-MediaFoundation: 216162199b28c13a410421893ffa2e32 -> 
  custom:CustomObjectIndexerAttribute: 6d391050e5a25f67b0a2c618074f2cd9 -> 
  custom:container-demuxer-webm: 4f35f7cbe854078d1ac9338744f61a02 -> 
  custom:container-muxer-webm: aa71ff27fc2769a1b78a27578f13a17b -> 
  custom:video-decoder-webm-vp8: 9c59270c3fd7afecdb556c50c9e8de78 -> 
  custom:SearchIndexIgnoredProperties: e643bd26f0fe6173181afceb89e7c659 -> 
  custom:AudioImporter_EditorPlatform: d09bf68614088b80899f8185d706f6e7 -> 
  custom:video-encoder-webm-vp8: eb34c28f22e8b96e1ab97ce403110664 -> 
  custom:audio-decoder-ogg-vorbis: bf7c407c2cedff20999df2af8eb42d56 -> 
  custom:audio-encoder-webm-vorbis: bf7c407c2cedff20999df2af8eb42d56 -> 
  custom:scripting/precompiled-assembly-types:unityplastic: 80ce6fce021ee75cb20edaadb7bf11e0 -> 1b07f3d0d2a7bfbf691bf3af903a2067
========================================================================
Received Import Request.
  Time since last request: 183221.307440 seconds.
  path: Assets/Sci-Fi Tomb/Meshes/floor_tile_01.fbx
  artifactKey: Guid(00a2e0d46b241cf478e7f881c09f7403) Importer(815301076,1909f56bfc062723c751e8b465ee728b)
Start importing Assets/Sci-Fi Tomb/Meshes/floor_tile_01.fbx using Guid(00a2e0d46b241cf478e7f881c09f7403) Importer(815301076,1909f56bfc062723c751e8b465ee728b)  -> (artifact id: '49b3218fe1c62e3d4776f28a8777ed67') in 0.092524 seconds
Number of updated asset objects reloaded before import = 0
Number of asset objects unloaded after import = 9
========================================================================
Received Import Request.
  Time since last request: 1.944742 seconds.
  path: Assets/Sci-Fi Tomb/Prefabs/D12.prefab
  artifactKey: Guid(3b7ec94330d57a343bd76b3f76f0e407) Importer(815301076,1909f56bfc062723c751e8b465ee728b)
Start importing Assets/Sci-Fi Tomb/Prefabs/D12.prefab using Guid(3b7ec94330d57a343bd76b3f76f0e407) Importer(815301076,1909f56bfc062723c751e8b465ee728b)  -> (artifact id: 'b5ec250b5a7782b684bf52cfc7b76254') in 0.020356 seconds
Number of updated asset objects reloaded before import = 0
Number of asset objects unloaded after import = 39
========================================================================
Received Import Request.
  Time since last request: 0.000567 seconds.
  path: Assets/Sci-Fi Tomb/Prefabs/floor_tile_white_04.prefab
  artifactKey: Guid(3ea05843d23a6a148bd1178958a1e170) Importer(815301076,1909f56bfc062723c751e8b465ee728b)
Start importing Assets/Sci-Fi Tomb/Prefabs/floor_tile_white_04.prefab using Guid(3ea05843d23a6a148bd1178958a1e170) Importer(815301076,1909f56bfc062723c751e8b465ee728b)  -> (artifact id: 'f750d2cb875dc3114065a0b0062f0e0d') in 0.018188 seconds
Number of updated asset objects reloaded before import = 0
Number of asset objects unloaded after import = 9
========================================================================
Received Import Request.
  Time since last request: 0.000010 seconds.
  path: Assets/Sci-Fi Tomb/Prefabs/Monkey.prefab
  artifactKey: Guid(78f2b69f37e39fa4f9c5df2a7959a686) Importer(815301076,1909f56bfc062723c751e8b465ee728b)
Start importing Assets/Sci-Fi Tomb/Prefabs/Monkey.prefab using Guid(78f2b69f37e39fa4f9c5df2a7959a686) Importer(815301076,1909f56bfc062723c751e8b465ee728b)  -> (artifact id: '27239c98f38d5b37512ad9643655a4cb') in 0.022313 seconds
Number of updated asset objects reloaded before import = 0
Number of asset objects unloaded after import = 13
========================================================================
Received Import Request.
  Time since last request: 21.751664 seconds.
  path: Assets/MasterCube/Icon/MasterCubeIcon.png
  artifactKey: Guid(54eabaffbf49416499a03feb7de9c10f) Importer(815301076,1909f56bfc062723c751e8b465ee728b)
Start importing Assets/MasterCube/Icon/MasterCubeIcon.png using Guid(54eabaffbf49416499a03feb7de9c10f) Importer(815301076,1909f56bfc062723c751e8b465ee728b)  -> (artifact id: 'd107f4df1e6b49a5eba4d96b39e445ff') in 0.020485 seconds
Number of updated asset objects reloaded before import = 0
Number of asset objects unloaded after import = 2
========================================================================
Received Import Request.
  Time since last request: 0.933935 seconds.
  path: Assets/MasterCube/MasterCubeMesh/masterCube.asset
  artifactKey: Guid(cf029f74ab243b24c8f7b7d9ee14fb33) Importer(815301076,1909f56bfc062723c751e8b465ee728b)
Start importing Assets/MasterCube/MasterCubeMesh/masterCube.asset using Guid(cf029f74ab243b24c8f7b7d9ee14fb33) Importer(815301076,1909f56bfc062723c751e8b465ee728b)  -> (artifact id: '67e9614a7f0ab9314524cd685cd4bddf') in 0.013124 seconds
Number of updated asset objects reloaded before import = 0
Number of asset objects unloaded after import = 2
========================================================================
Received Import Request.
  Time since last request: 3.000441 seconds.
  path: Assets/MasterCube/Examples/Carboard/Materials/box_d.mat
  artifactKey: Guid(32968f0329e3af744898307d1ce23092) Importer(815301076,1909f56bfc062723c751e8b465ee728b)
Start importing Assets/MasterCube/Examples/Carboard/Materials/box_d.mat using Guid(32968f0329e3af744898307d1ce23092) Importer(815301076,1909f56bfc062723c751e8b465ee728b)  -> (artifact id: '17903053ca50516876b120025ab73f03') in 0.141826 seconds
Number of updated asset objects reloaded before import = 0
Number of asset objects unloaded after import = 3
========================================================================
Received Import Request.
  Time since last request: 0.651882 seconds.
  path: Assets/MasterCube/Examples/Carboard/Prefab/Cardboard-Cube.prefab
  artifactKey: Guid(aa366dc4d3b58fd4f81f9a1cefaea81b) Importer(815301076,1909f56bfc062723c751e8b465ee728b)
Start importing Assets/MasterCube/Examples/Carboard/Prefab/Cardboard-Cube.prefab using Guid(aa366dc4d3b58fd4f81f9a1cefaea81b) Importer(815301076,1909f56bfc062723c751e8b465ee728b)  -> (artifact id: '6849820e6ea11af6a86a5a5e1620c4fa') in 0.016728 seconds
Number of updated asset objects reloaded before import = 0
Number of asset objects unloaded after import = 12
========================================================================
Received Import Request.
  Time since last request: 1.582281 seconds.
  path: Assets/MasterCube/Examples/Carboard/Textures/box_d.png
  artifactKey: Guid(d45e8122f57b5fb4db0c6743c247ed4d) Importer(815301076,1909f56bfc062723c751e8b465ee728b)
Start importing Assets/MasterCube/Examples/Carboard/Textures/box_d.png using Guid(d45e8122f57b5fb4db0c6743c247ed4d) Importer(815301076,1909f56bfc062723c751e8b465ee728b)  -> (artifact id: '5e7032db7d90efbde6297b8844f02a4b') in 0.018974 seconds
Number of updated asset objects reloaded before import = 0
Number of asset objects unloaded after import = 2
========================================================================
Received Import Request.
  Time since last request: 8.051546 seconds.
  path: Assets/MasterCube/Examples/Pallet/CombinedMeshs/Pallet-combinedMeshs.asset
  artifactKey: Guid(453c79f857d1d414c81660af30d8f9d6) Importer(815301076,1909f56bfc062723c751e8b465ee728b)
Start importing Assets/MasterCube/Examples/Pallet/CombinedMeshs/Pallet-combinedMeshs.asset using Guid(453c79f857d1d414c81660af30d8f9d6) Importer(815301076,1909f56bfc062723c751e8b465ee728b)  -> (artifact id: 'e510810d85bb8024ddc87ed323389546') in 0.017237 seconds
Number of updated asset objects reloaded before import = 0
Number of asset objects unloaded after import = 2
========================================================================
Received Import Request.
  Time since last request: 0.601834 seconds.
  path: Assets/MasterCube/Examples/Pallet/Materials/plank.mat
  artifactKey: Guid(ebcd84e64ee75a5488e9c47c87b47256) Importer(815301076,1909f56bfc062723c751e8b465ee728b)
Start importing Assets/MasterCube/Examples/Pallet/Materials/plank.mat using Guid(ebcd84e64ee75a5488e9c47c87b47256) Importer(815301076,1909f56bfc062723c751e8b465ee728b)  -> (artifact id: 'b057b75f2012cd0a6d251147e2e14278') in 0.016268 seconds
Number of updated asset objects reloaded before import = 0
Number of asset objects unloaded after import = 2
========================================================================
Received Import Request.
  Time since last request: 1.525354 seconds.
  path: Assets/MasterCube/Examples/Pallet/Prefabs/Pallet_CombinedMeshs.prefab
  artifactKey: Guid(46a2367481bff9a448e510645afb6137) Importer(815301076,1909f56bfc062723c751e8b465ee728b)
Start importing Assets/MasterCube/Examples/Pallet/Prefabs/Pallet_CombinedMeshs.prefab using Guid(46a2367481bff9a448e510645afb6137) Importer(815301076,1909f56bfc062723c751e8b465ee728b)  -> (artifact id: 'a14adf78e30646e92b04c80e1a315a31') in 0.015220 seconds
Number of updated asset objects reloaded before import = 0
Number of asset objects unloaded after import = 9
========================================================================
Received Import Request.
  Time since last request: 1.313263 seconds.
  path: Assets/MasterCube/Examples/Pallet/Textures/plank.png
  artifactKey: Guid(27f1b5a1eb996ab4c89b80730f068520) Importer(815301076,1909f56bfc062723c751e8b465ee728b)
Start importing Assets/MasterCube/Examples/Pallet/Textures/plank.png using Guid(27f1b5a1eb996ab4c89b80730f068520) Importer(815301076,1909f56bfc062723c751e8b465ee728b)  -> (artifact id: '19ca8c065a648ae8119afacaa89513d9') in 0.017999 seconds
Number of updated asset objects reloaded before import = 0
Number of asset objects unloaded after import = 2
========================================================================
Received Import Request.
  Time since last request: 6.439696 seconds.
  path: Assets/Sci-Fi Tomb/Materials/D12/D12.mat
  artifactKey: Guid(a6c6d678e0e3dc54786f9650150f9e87) Importer(815301076,1909f56bfc062723c751e8b465ee728b)
Start importing Assets/Sci-Fi Tomb/Materials/D12/D12.mat using Guid(a6c6d678e0e3dc54786f9650150f9e87) Importer(815301076,1909f56bfc062723c751e8b465ee728b)  -> (artifact id: '8f5e60aa91f296301b29863865c0044f') in 0.016342 seconds
Number of updated asset objects reloaded before import = 0
Number of asset objects unloaded after import = 2
========================================================================
Received Import Request.
  Time since last request: 2.039205 seconds.
  path: Assets/Sci-Fi Tomb/Materials/PhysicsBounceMaterial/Bounce.physicMaterial
  artifactKey: Guid(d7236748152fe0041958314801e0403c) Importer(815301076,1909f56bfc062723c751e8b465ee728b)
Start importing Assets/Sci-Fi Tomb/Materials/PhysicsBounceMaterial/Bounce.physicMaterial using Guid(d7236748152fe0041958314801e0403c) Importer(815301076,1909f56bfc062723c751e8b465ee728b)  -> (artifact id: 'fd56112adf00139fc6ae49d444b718bc') in 0.001649 seconds
Number of updated asset objects reloaded before import = 0
Number of asset objects unloaded after import = 1
========================================================================
Received Import Request.
  Time since last request: 3.086008 seconds.
  path: Assets/Sci-Fi Tomb/Meshes/D12/D12.fbx
  artifactKey: Guid(120974f1d52025b4caec31ebfc4b2aac) Importer(815301076,1909f56bfc062723c751e8b465ee728b)
Start importing Assets/Sci-Fi Tomb/Meshes/D12/D12.fbx using Guid(120974f1d52025b4caec31ebfc4b2aac) Importer(815301076,1909f56bfc062723c751e8b465ee728b)  -> (artifact id: '9e2ec994daaa3c09892f2ef88cbe5225') in 0.022166 seconds
Number of updated asset objects reloaded before import = 0
Number of asset objects unloaded after import = 9
========================================================================
Received Import Request.
  Time since last request: 0.510699 seconds.
  path: Assets/Sci-Fi Tomb/Meshes/Materials/floor_tile_01_diffuse.mat
  artifactKey: Guid(d4d1c17e85861b14aa7130181b896aba) Importer(815301076,1909f56bfc062723c751e8b465ee728b)
Start importing Assets/Sci-Fi Tomb/Meshes/Materials/floor_tile_01_diffuse.mat using Guid(d4d1c17e85861b14aa7130181b896aba) Importer(815301076,1909f56bfc062723c751e8b465ee728b)  -> (artifact id: 'ffb0587d0a0776813d49a41c0ac1d965') in 0.014855 seconds
Number of updated asset objects reloaded before import = 0
Number of asset objects unloaded after import = 2
========================================================================
Received Import Request.
  Time since last request: 77.906837 seconds.
  path: Assets/Sci-Fi Tomb/Sci-FI Tomb Scene/Sci-FI Tomb Scene/NavMesh.asset
  artifactKey: Guid(31120cc1e480c1c42a318c5b4d025b97) Importer(815301076,1909f56bfc062723c751e8b465ee728b)
Start importing Assets/Sci-Fi Tomb/Sci-FI Tomb Scene/Sci-FI Tomb Scene/NavMesh.asset using Guid(31120cc1e480c1c42a318c5b4d025b97) Importer(815301076,1909f56bfc062723c751e8b465ee728b)  -> (artifact id: 'd3059aa4817df7813bbc50966ef5d8b1') in 0.001051 seconds
Number of updated asset objects reloaded before import = 0
Number of asset objects unloaded after import = 1
========================================================================
Received Import Request.
  Time since last request: 2.583210 seconds.
  path: Assets/Sci-Fi Tomb/Textures/floor_tile_01_black.png
  artifactKey: Guid(14d2cf2c7eaaa8840b47bd5825f029a1) Importer(815301076,1909f56bfc062723c751e8b465ee728b)
Start importing Assets/Sci-Fi Tomb/Textures/floor_tile_01_black.png using Guid(14d2cf2c7eaaa8840b47bd5825f029a1) Importer(815301076,1909f56bfc062723c751e8b465ee728b)  -> (artifact id: 'a9f79b2d2c02255b4a0f7a87a4733e97') in 0.019217 seconds
Number of updated asset objects reloaded before import = 0
Number of asset objects unloaded after import = 2
========================================================================
Received Import Request.
  Time since last request: 0.000017 seconds.
  path: Assets/Sci-Fi Tomb/Textures/props_part_01_diffuse.png
  artifactKey: Guid(a27cac2c2da143e4b8287e197a443567) Importer(815301076,1909f56bfc062723c751e8b465ee728b)
Start importing Assets/Sci-Fi Tomb/Textures/props_part_01_diffuse.png using Guid(a27cac2c2da143e4b8287e197a443567) Importer(815301076,1909f56bfc062723c751e8b465ee728b)  -> (artifact id: '1dbff4ed2380fb1fef86fe92e5fc6424') in 0.030093 seconds
Number of updated asset objects reloaded before import = 0
Number of asset objects unloaded after import = 2
========================================================================
Received Import Request.
  Time since last request: 0.000013 seconds.
  path: Assets/Sci-Fi Tomb/Textures/walls_tile_01_diffuse.png
  artifactKey: Guid(221ae298b8c29b0488f57f53017936c7) Importer(815301076,1909f56bfc062723c751e8b465ee728b)
Start importing Assets/Sci-Fi Tomb/Textures/walls_tile_01_diffuse.png using Guid(221ae298b8c29b0488f57f53017936c7) Importer(815301076,1909f56bfc062723c751e8b465ee728b)  -> (artifact id: '9930fe56844e852ef6724ef00dfa133c') in 0.017271 seconds
Number of updated asset objects reloaded before import = 0
Number of asset objects unloaded after import = 2
========================================================================
Received Import Request.
  Time since last request: 0.000022 seconds.
  path: Assets/Sci-Fi Tomb/Textures/floor_tile_02_diffuse.png
  artifactKey: Guid(eb46e7687e117c5498cec9b6c4ea6a79) Importer(815301076,1909f56bfc062723c751e8b465ee728b)
Start importing Assets/Sci-Fi Tomb/Textures/floor_tile_02_diffuse.png using Guid(eb46e7687e117c5498cec9b6c4ea6a79) Importer(815301076,1909f56bfc062723c751e8b465ee728b)  -> (artifact id: 'c48d56f09db9000471c4335b1a006909') in 0.025566 seconds
Number of updated asset objects reloaded before import = 0
Number of asset objects unloaded after import = 2
========================================================================
Received Import Request.
  Time since last request: 62.365155 seconds.
  path: Assets/Mateirals/floor_tile_01_diffuse.mat
  artifactKey: Guid(413709e24649b63438f483146a071ec3) Importer(815301076,1909f56bfc062723c751e8b465ee728b)
Start importing Assets/Mateirals/floor_tile_01_diffuse.mat using Guid(413709e24649b63438f483146a071ec3) Importer(815301076,1909f56bfc062723c751e8b465ee728b)  -> (artifact id: '20b442951c18a1ef73bc8a225a6ff06e') in 0.018719 seconds
Number of updated asset objects reloaded before import = 0
Number of asset objects unloaded after import = 2
========================================================================
Received Import Request.
  Time since last request: 157.901547 seconds.
  path: Assets/Mateirals/New Folder
  artifactKey: Guid(f055b7ea1f33d6d4ba1c57de09ccce6b) Importer(815301076,1909f56bfc062723c751e8b465ee728b)
Start importing Assets/Mateirals/New Folder using Guid(f055b7ea1f33d6d4ba1c57de09ccce6b) Importer(815301076,1909f56bfc062723c751e8b465ee728b)  -> (artifact id: '008b452ab2d3520ec5fd9707dcf9df10') in 0.000485 seconds
Number of updated asset objects reloaded before import = 0
Number of asset objects unloaded after import = 0
========================================================================
Received Import Request.
  Time since last request: 15.508150 seconds.
  path: Assets/Prefab
  artifactKey: Guid(fd031b6984a64ef47a9c4efc0194f042) Importer(815301076,1909f56bfc062723c751e8b465ee728b)
Start importing Assets/Prefab using Guid(fd031b6984a64ef47a9c4efc0194f042) Importer(815301076,1909f56bfc062723c751e8b465ee728b)  -> (artifact id: 'fe117a81ea5be3e3b93357062c3eaf4d') in 0.000369 seconds
Number of updated asset objects reloaded before import = 0
Number of asset objects unloaded after import = 0
========================================================================
Received Import Request.
  Time since last request: 8.744517 seconds.
  path: Assets/Prefab/Tile.prefab
  artifactKey: Guid(b87cdef96d31c934cbb77121019ccb9f) Importer(815301076,1909f56bfc062723c751e8b465ee728b)
Start importing Assets/Prefab/Tile.prefab using Guid(b87cdef96d31c934cbb77121019ccb9f) Importer(815301076,1909f56bfc062723c751e8b465ee728b)  -> (artifact id: 'c8e9a396f167639011f397abaaa34060') in 0.012243 seconds
Number of updated asset objects reloaded before import = 0
Number of asset objects unloaded after import = 11
========================================================================
Received Import Request.
  Time since last request: 309.206735 seconds.
  path: Assets/MasterCube/Examples/Carboard/Textures/Thumbs.db
  artifactKey: Guid(359cac647df228541a5b5cca30edaeec) Importer(815301076,1909f56bfc062723c751e8b465ee728b)
Start importing Assets/MasterCube/Examples/Carboard/Textures/Thumbs.db using Guid(359cac647df228541a5b5cca30edaeec) Importer(815301076,1909f56bfc062723c751e8b465ee728b)  -> (artifact id: '3bd1f35cc2b30aacf3d89b9832cdc3db') in 0.001141 seconds
Number of updated asset objects reloaded before import = 0
Number of asset objects unloaded after import = 1
========================================================================
Received Import Request.
  Time since last request: 21.235098 seconds.
  path: Assets/MasterCube/Examples/Carboard/Materials
  artifactKey: Guid(40c2ae7a9d50194418d393b6de2f088e) Importer(815301076,1909f56bfc062723c751e8b465ee728b)
Start importing Assets/MasterCube/Examples/Carboard/Materials using Guid(40c2ae7a9d50194418d393b6de2f088e) Importer(815301076,1909f56bfc062723c751e8b465ee728b)  -> (artifact id: 'fc9c23482307ad949d15625c440c8725') in 0.000388 seconds
Number of updated asset objects reloaded before import = 0
Number of asset objects unloaded after import = 0
========================================================================
Received Import Request.
  Time since last request: 796.265668 seconds.
  path: Assets/Sci-Fi Tomb/Textures/D12/dice_12m_01c.png
  artifactKey: Guid(986a3d77639615548b5370cd274bfa19) Importer(815301076,1909f56bfc062723c751e8b465ee728b)
Start importing Assets/Sci-Fi Tomb/Textures/D12/dice_12m_01c.png using Guid(986a3d77639615548b5370cd274bfa19) Importer(815301076,1909f56bfc062723c751e8b465ee728b)  -> (artifact id: '711d51ea5b96026ee3b245999c636490') in 0.024145 seconds
Number of updated asset objects reloaded before import = 0
Number of asset objects unloaded after import = 2
========================================================================
Received Import Request.
  Time since last request: 0.584792 seconds.
  path: Assets/Sci-Fi Tomb/Textures/Materials/floor_tile_01_black.mat
  artifactKey: Guid(98ba81bcc4f089d45a996aee04081906) Importer(815301076,1909f56bfc062723c751e8b465ee728b)
Start importing Assets/Sci-Fi Tomb/Textures/Materials/floor_tile_01_black.mat using Guid(98ba81bcc4f089d45a996aee04081906) Importer(815301076,1909f56bfc062723c751e8b465ee728b)  -> (artifact id: '13e35733c831db2ee0f038f3bff89595') in 0.013882 seconds
Number of updated asset objects reloaded before import = 0
Number of asset objects unloaded after import = 2
========================================================================
Received Import Request.
  Time since last request: 2.413290 seconds.
  path: Assets/Sci-Fi Tomb/Textures/Textures/floor_tile_01_black.png
  artifactKey: Guid(f6f5a9df87ba91a4e8b67debad41203d) Importer(815301076,1909f56bfc062723c751e8b465ee728b)
Start importing Assets/Sci-Fi Tomb/Textures/Textures/floor_tile_01_black.png using Guid(f6f5a9df87ba91a4e8b67debad41203d) Importer(815301076,1909f56bfc062723c751e8b465ee728b)  -> (artifact id: 'b897497ae3824f6c0a8801d21fe37209') in 0.018634 seconds
Number of updated asset objects reloaded before import = 0
Number of asset objects unloaded after import = 2
========================================================================
Received Import Request.
  Time since last request: 0.003851 seconds.
  path: Assets/Sci-Fi Tomb/Textures/Textures/pillar_01_emit_crys.png
  artifactKey: Guid(88165c28b36d8974182d64343cfc8843) Importer(815301076,1909f56bfc062723c751e8b465ee728b)
Start importing Assets/Sci-Fi Tomb/Textures/Textures/pillar_01_emit_crys.png using Guid(88165c28b36d8974182d64343cfc8843) Importer(815301076,1909f56bfc062723c751e8b465ee728b)  -> (artifact id: '634c7b123c63c179692b36c68d37771f') in 0.008999 seconds
Number of updated asset objects reloaded before import = 0
Number of asset objects unloaded after import = 2
========================================================================
Received Import Request.
  Time since last request: 0.000011 seconds.
  path: Assets/Sci-Fi Tomb/Textures/Textures/props_part_01_diffuse.png
  artifactKey: Guid(9f6a9a0ea21b4304bb0883cb745c8e19) Importer(815301076,1909f56bfc062723c751e8b465ee728b)
Start importing Assets/Sci-Fi Tomb/Textures/Textures/props_part_01_diffuse.png using Guid(9f6a9a0ea21b4304bb0883cb745c8e19) Importer(815301076,1909f56bfc062723c751e8b465ee728b)  -> (artifact id: '603c6fe3bd510c594924efaa0e27de90') in 0.013337 seconds
Number of updated asset objects reloaded before import = 0
Number of asset objects unloaded after import = 2
========================================================================
Received Import Request.
  Time since last request: 0.000012 seconds.
  path: Assets/Sci-Fi Tomb/Textures/Textures/floor_tile_01_white.png
  artifactKey: Guid(3531d4bbae2813d4faadad274538c777) Importer(815301076,1909f56bfc062723c751e8b465ee728b)
Start importing Assets/Sci-Fi Tomb/Textures/Textures/floor_tile_01_white.png using Guid(3531d4bbae2813d4faadad274538c777) Importer(815301076,1909f56bfc062723c751e8b465ee728b)  -> (artifact id: '434bb0f9ad00c3eda7e877a5cf5aa4b2') in 0.012716 seconds
Number of updated asset objects reloaded before import = 0
Number of asset objects unloaded after import = 2
Editor requested this worker to shutdown with reason: Scaling down because of idle timeout
TcpMessagingSession - receive error: operation aborted. errorcode: 995, details: The I/O operation has been aborted because of either a thread exit or an application request.
AssetImportWorker is now disconnected from the server
Process exiting
Exiting without the bug reporter. Application will terminate with return code 0