Using pre-set license
Built from '2022.3/staging' branch; Version is '2022.3.19f1 (244b723c30a6) revision 2378610'; Using compiler version '192829333'; Build Type 'Release'
OS: 'Windows 11  (10.0.22631) 64bit Core' Language: 'en' Physical Memory: 32602 MB
BatchMode: 1, IsHumanControllingUs: 0, StartBugReporterOnCrash: 0, Is64bit: 1, IsPro: 1

COMMAND LINE ARGUMENTS:
C:\Program Files\Unity\Hub\Editor\2022.3.19f1\Editor\Unity.exe
-adb2
-batchMode
-noUpm
-name
AssetImportWorker11
-projectPath
C:/Users/wayne/Fart_3D
-logFile
Logs/AssetImportWorker11.log
-srvPort
64155
Successfully changed project path to: C:/Users/wayne/Fart_3D
C:/Users/wayne/Fart_3D
[UnityMemory] Configuration Parameters - Can be set up in boot.config
    "memorysetup-bucket-allocator-granularity=16"
    "memorysetup-bucket-allocator-bucket-count=8"
    "memorysetup-bucket-allocator-block-size=33554432"
    "memorysetup-bucket-allocator-block-count=8"
    "memorysetup-main-allocator-block-size=16777216"
    "memorysetup-thread-allocator-block-size=16777216"
    "memorysetup-gfx-main-allocator-block-size=16777216"
    "memorysetup-gfx-thread-allocator-block-size=16777216"
    "memorysetup-cache-allocator-block-size=4194304"
    "memorysetup-typetree-allocator-block-size=2097152"
    "memorysetup-profiler-bucket-allocator-granularity=16"
    "memorysetup-profiler-bucket-allocator-bucket-count=8"
    "memorysetup-profiler-bucket-allocator-block-size=33554432"
    "memorysetup-profiler-bucket-allocator-block-count=8"
    "memorysetup-profiler-allocator-block-size=16777216"
    "memorysetup-profiler-editor-allocator-block-size=1048576"
    "memorysetup-temp-allocator-size-main=16777216"
    "memorysetup-job-temp-allocator-block-size=2097152"
    "memorysetup-job-temp-allocator-block-size-background=1048576"
    "memorysetup-job-temp-allocator-reduction-small-platforms=262144"
    "memorysetup-allocator-temp-initial-block-size-main=262144"
    "memorysetup-allocator-temp-initial-block-size-worker=262144"
    "memorysetup-temp-allocator-size-background-worker=32768"
    "memorysetup-temp-allocator-size-job-worker=262144"
    "memorysetup-temp-allocator-size-preload-manager=33554432"
    "memorysetup-temp-allocator-size-nav-mesh-worker=65536"
    "memorysetup-temp-allocator-size-audio-worker=65536"
    "memorysetup-temp-allocator-size-cloud-worker=32768"
    "memorysetup-temp-allocator-size-gi-baking-worker=262144"
    "memorysetup-temp-allocator-size-gfx=262144"
Player connection [3288] Host "[IP] 192.168.1.111 [Port] 0 [Flags] 2 [Guid] 2460785309 [EditorId] 2460785309 [Version] 1048832 [Id] WindowsEditor(7,WaynePC) [Debug] 1 [PackageName] WindowsEditor [ProjectName] Editor" joined multi-casting on [225.0.0.222:54997]...

Player connection [3288] Host "[IP] 192.168.1.111 [Port] 0 [Flags] 2 [Guid] 2460785309 [EditorId] 2460785309 [Version] 1048832 [Id] WindowsEditor(7,WaynePC) [Debug] 1 [PackageName] WindowsEditor [ProjectName] Editor" joined alternative multi-casting on [225.0.0.222:34997]...

[Physics::Module] Initialized MultithreadedJobDispatcher with 23 workers.
Refreshing native plugins compatible for Editor in 4.96 ms, found 3 plugins.
Preloading 0 native plugins for Editor in 0.00 ms.
Initialize engine version: 2022.3.19f1 (244b723c30a6)
[Subsystems] Discovering subsystems at path C:/Program Files/Unity/Hub/Editor/2022.3.19f1/Editor/Data/Resources/UnitySubsystems
[Subsystems] Discovering subsystems at path C:/Users/wayne/Fart_3D/Assets
GfxDevice: creating device client; threaded=0; jobified=0
Direct3D:
    Version:  Direct3D 11.0 [level 11.1]
    Renderer: NVIDIA GeForce RTX 4060 (ID=0x2882)
    Vendor:   NVIDIA
    VRAM:     7957 MB
    Driver:   32.0.15.6094
Initialize mono
Mono path[0] = 'C:/Program Files/Unity/Hub/Editor/2022.3.19f1/Editor/Data/Managed'
Mono path[1] = 'C:/Program Files/Unity/Hub/Editor/2022.3.19f1/Editor/Data/MonoBleedingEdge/lib/mono/unityjit-win32'
Mono config path = 'C:/Program Files/Unity/Hub/Editor/2022.3.19f1/Editor/Data/MonoBleedingEdge/etc'
Using monoOptions --debugger-agent=transport=dt_socket,embedding=1,server=y,suspend=n,address=127.0.0.1:56148
Begin MonoManager ReloadAssembly
Registering precompiled unity dll's ...
Register platform support module: C:/Program Files/Unity/Hub/Editor/2022.3.19f1/Editor/Data/PlaybackEngines/WebGLSupport/UnityEditor.WebGL.Extensions.dll
Register platform support module: C:/Program Files/Unity/Hub/Editor/2022.3.19f1/Editor/Data/PlaybackEngines/WindowsStandaloneSupport/UnityEditor.WindowsStandalone.Extensions.dll
Registered in 0.004860 seconds.
- Loaded All Assemblies, in  0.224 seconds
Native extension for WindowsStandalone target not found
Native extension for WebGL target not found
Mono: successfully reloaded assembly
- Finished resetting the current domain, in  0.156 seconds
Domain Reload Profiling: 379ms
	BeginReloadAssembly (67ms)
		ExecutionOrderSort (0ms)
		DisableScriptedObjects (0ms)
		BackupInstance (0ms)
		ReleaseScriptingObjects (0ms)
		CreateAndSetChildDomain (0ms)
	RebuildCommonClasses (20ms)
	RebuildNativeTypeToScriptingClass (6ms)
	initialDomainReloadingComplete (37ms)
	LoadAllAssembliesAndSetupDomain (93ms)
		LoadAssemblies (66ms)
		RebuildTransferFunctionScriptingTraits (0ms)
		AnalyzeDomain (91ms)
			TypeCache.Refresh (91ms)
				TypeCache.ScanAssembly (82ms)
			ScanForSourceGeneratedMonoScriptInfo (0ms)
			ResolveRequiredComponents (0ms)
	FinalizeReload (157ms)
		ReleaseScriptCaches (0ms)
		RebuildScriptCaches (0ms)
		SetupLoadedEditorAssemblies (122ms)
			LogAssemblyErrors (0ms)
			InitializePlatformSupportModulesInManaged (6ms)
			SetLoadedEditorAssemblies (3ms)
			RefreshPlugins (0ms)
			BeforeProcessingInitializeOnLoad (1ms)
			ProcessInitializeOnLoadAttributes (84ms)
			ProcessInitializeOnLoadMethodAttributes (27ms)
			AfterProcessingInitializeOnLoad (0ms)
			EditorAssembliesLoaded (0ms)
		ExecutionOrderSort2 (0ms)
		AwakeInstancesAfterBackupRestoration (0ms)
========================================================================
Worker process is ready to serve import requests
Begin MonoManager ReloadAssembly
TypeRef ResolutionScope not yet handled (218) for .IMergeView in image C:\Users\wayne\Fart_3D\Library\ScriptAssemblies\Unity.PlasticSCM.Editor.dll
Unloading broken assembly Library/ScriptAssemblies/Unity.PlasticSCM.Editor.dll, this assembly can cause crashes in the runtime
- Loaded All Assemblies, in  0.407 seconds
Refreshing native plugins compatible for Editor in 2.10 ms, found 3 plugins.
Could not load signature of Unity.PlasticSCM.Editor.Gluon.UpdateReport.UpdateReportDialog:ShowUpdateReport due to: Could not resolve type with token 0100006b from typeref (expected class 'Codice.Client.BaseCommands.ErrorMessage' in assembly 'unityplastic, Version=11.0.16.8204, Culture=neutral, PublicKeyToken=a107c9c6e34c8876') assembly:unityplastic, Version=11.0.16.8204, Culture=neutral, PublicKeyToken=a107c9c6e34c8876 type:Codice.Client.BaseCommands.ErrorMessage member:(null)
Could not load signature of Unity.PlasticSCM.Editor.Gluon.UpdateReport.UpdateReportDialog:UpdateUpdateReportList due to: Could not resolve type with token 0100006b from typeref (expected class 'Codice.Client.BaseCommands.ErrorMessage' in assembly 'unityplastic, Version=11.0.16.8204, Culture=neutral, PublicKeyToken=a107c9c6e34c8876') assembly:unityplastic, Version=11.0.16.8204, Culture=neutral, PublicKeyToken=a107c9c6e34c8876 type:Codice.Client.BaseCommands.ErrorMessage member:(null)
Could not load signature of Unity.PlasticSCM.Editor.Gluon.UpdateReport.UpdateReportDialog:GetErrorDetailsText due to: Could not resolve type with token 0100006b from typeref (expected class 'Codice.Client.BaseCommands.ErrorMessage' in assembly 'unityplastic, Version=11.0.16.8204, Culture=neutral, PublicKeyToken=a107c9c6e34c8876') assembly:unityplastic, Version=11.0.16.8204, Culture=neutral, PublicKeyToken=a107c9c6e34c8876 type:Codice.Client.BaseCommands.ErrorMessage member:(null)
Could not load signature of Unity.PlasticSCM.Editor.Gluon.UpdateReport.UpdateReportDialog:DoErrorDetailsTextArea due to: Could not resolve type with token 0100006b from typeref (expected class 'Codice.Client.BaseCommands.ErrorMessage' in assembly 'unityplastic, Version=11.0.16.8204, Culture=neutral, PublicKeyToken=a107c9c6e34c8876') assembly:unityplastic, Version=11.0.16.8204, Culture=neutral, PublicKeyToken=a107c9c6e34c8876 type:Codice.Client.BaseCommands.ErrorMessage member:(null)
Could not load signature of Unity.PlasticSCM.Editor.Gluon.UpdateReport.UpdateReportDialog:Create due to: Could not resolve type with token 0100006b from typeref (expected class 'Codice.Client.BaseCommands.ErrorMessage' in assembly 'unityplastic, Version=11.0.16.8204, Culture=neutral, PublicKeyToken=a107c9c6e34c8876') assembly:unityplastic, Version=11.0.16.8204, Culture=neutral, PublicKeyToken=a107c9c6e34c8876 type:Codice.Client.BaseCommands.ErrorMessage member:(null)
Native extension for WindowsStandalone target not found
Native extension for WebGL target not found
Package Manager log level set to [2]
[Package Manager] Server::EnsureServerProcessIsRunning -- launch failed, reason: Unity was launched with the -noUpm command-line argument
[Package Manager] UpmClient::Send -- Unable to send message (not connected to UPM process).
[Package Manager] Cannot connect to Unity Package Manager local server
Mono: successfully reloaded assembly
- Finished resetting the current domain, in  0.337 seconds
Domain Reload Profiling: 742ms
	BeginReloadAssembly (93ms)
		ExecutionOrderSort (0ms)
		DisableScriptedObjects (3ms)
		BackupInstance (0ms)
		ReleaseScriptingObjects (0ms)
		CreateAndSetChildDomain (12ms)
	RebuildCommonClasses (20ms)
	RebuildNativeTypeToScriptingClass (6ms)
	initialDomainReloadingComplete (26ms)
	LoadAllAssembliesAndSetupDomain (261ms)
		LoadAssemblies (214ms)
		RebuildTransferFunctionScriptingTraits (0ms)
		AnalyzeDomain (102ms)
			TypeCache.Refresh (90ms)
				TypeCache.ScanAssembly (80ms)
			ScanForSourceGeneratedMonoScriptInfo (9ms)
			ResolveRequiredComponents (2ms)
	FinalizeReload (337ms)
		ReleaseScriptCaches (0ms)
		RebuildScriptCaches (0ms)
		SetupLoadedEditorAssemblies (252ms)
			LogAssemblyErrors (0ms)
			InitializePlatformSupportModulesInManaged (5ms)
			SetLoadedEditorAssemblies (3ms)
			RefreshPlugins (0ms)
			BeforeProcessingInitializeOnLoad (35ms)
			ProcessInitializeOnLoadAttributes (194ms)
			ProcessInitializeOnLoadMethodAttributes (11ms)
			AfterProcessingInitializeOnLoad (4ms)
			EditorAssembliesLoaded (0ms)
		ExecutionOrderSort2 (0ms)
		AwakeInstancesAfterBackupRestoration (4ms)
Launched and connected shader compiler UnityShaderCompiler.exe after 0.03 seconds
Refreshing native plugins compatible for Editor in 3.61 ms, found 3 plugins.
Preloading 0 native plugins for Editor in 0.00 ms.
Unloading 3112 Unused Serialized files (Serialized files now loaded: 0)
Unloading 30 unused Assets / (57.7 KB). Loaded Objects now: 3592.
Memory consumption went from 133.4 MB to 133.3 MB.
Total: 3.142900 ms (FindLiveObjects: 0.233200 ms CreateObjectMapping: 0.157800 ms MarkObjects: 2.650800 ms  DeleteObjects: 0.100300 ms)

AssetImportParameters requested are different than current active one (requested -> active):
  custom:container-demuxer-ogg: 62fdf1f143b41e24485cea50d1cbac27 -> 
  custom:scripting/precompiled-assembly-types:Unity.PlasticSCM.Editor: fa07261737969afd534745fdbb5a9ba0 -> 
  custom:video-codec-MediaFoundation-h265: 746d11721c4dcdbdad8f713fa42b33f4 -> 
  custom:video-decoder-ogg-theora: a1e56fd34408186e4bbccfd4996cb3dc -> 
  custom:framework-win-MediaFoundation: 216162199b28c13a410421893ffa2e32 -> 
  custom:CustomObjectIndexerAttribute: 6d391050e5a25f67b0a2c618074f2cd9 -> 
  custom:container-demuxer-webm: 4f35f7cbe854078d1ac9338744f61a02 -> 
  custom:container-muxer-webm: aa71ff27fc2769a1b78a27578f13a17b -> 
  custom:video-decoder-webm-vp8: 9c59270c3fd7afecdb556c50c9e8de78 -> 
  custom:SearchIndexIgnoredProperties: e643bd26f0fe6173181afceb89e7c659 -> 
  custom:AudioImporter_EditorPlatform: d09bf68614088b80899f8185d706f6e7 -> 
  custom:video-encoder-webm-vp8: eb34c28f22e8b96e1ab97ce403110664 -> 
  custom:audio-decoder-ogg-vorbis: bf7c407c2cedff20999df2af8eb42d56 -> 
  custom:audio-encoder-webm-vorbis: bf7c407c2cedff20999df2af8eb42d56 -> 
  custom:scripting/precompiled-assembly-types:unityplastic: 80ce6fce021ee75cb20edaadb7bf11e0 -> 1b07f3d0d2a7bfbf691bf3af903a2067
========================================================================
Received Import Request.
  Time since last request: 187911.304785 seconds.
  path: Assets/CubePeopleDemo/Prefabs/Demo/Building.prefab
  artifactKey: Guid(c438ee57b54e1c4438eb35ee9258fe19) Importer(815301076,1909f56bfc062723c751e8b465ee728b)
Start importing Assets/CubePeopleDemo/Prefabs/Demo/Building.prefab using Guid(c438ee57b54e1c4438eb35ee9258fe19) Importer(815301076,1909f56bfc062723c751e8b465ee728b)  -> (artifact id: '7a7754bd5ef1da243f8096269ee2eaa2') in 0.080249 seconds
Number of updated asset objects reloaded before import = 0
Number of asset objects unloaded after import = 26
========================================================================
Received Import Request.
  Time since last request: 0.000015 seconds.
  path: Assets/CubePeopleDemo/Prefabs/Demo/Ch_0CP00F00P.prefab
  artifactKey: Guid(742f340aa20fbd849beef5cc4e9fabac) Importer(815301076,1909f56bfc062723c751e8b465ee728b)
Start importing Assets/CubePeopleDemo/Prefabs/Demo/Ch_0CP00F00P.prefab using Guid(742f340aa20fbd849beef5cc4e9fabac) Importer(815301076,1909f56bfc062723c751e8b465ee728b)  -> (artifact id: 'ad034d53fa7c94c3eaa32ab9eed913db') in 0.075884 seconds
Number of updated asset objects reloaded before import = 0
Number of asset objects unloaded after import = 87
========================================================================
Received Import Request.
  Time since last request: 0.000017 seconds.
  path: Assets/CubePeopleDemo/Prefabs/Demo/Ch_0CP01M01Bald.prefab
  artifactKey: Guid(d8e37ecea2666c248aae203a7c147894) Importer(815301076,1909f56bfc062723c751e8b465ee728b)
Start importing Assets/CubePeopleDemo/Prefabs/Demo/Ch_0CP01M01Bald.prefab using Guid(d8e37ecea2666c248aae203a7c147894) Importer(815301076,1909f56bfc062723c751e8b465ee728b)  -> (artifact id: '1f29a2a334b15ca548fa46289ea326f9') in 0.022839 seconds
Number of updated asset objects reloaded before import = 0
Number of asset objects unloaded after import = 87
========================================================================
Received Import Request.
  Time since last request: 0.000014 seconds.
  path: Assets/CubePeopleDemo/Prefabs/Demo/Ch_0CP01F00P.prefab
  artifactKey: Guid(b7dfe052032a7f646819d41f2010f0da) Importer(815301076,1909f56bfc062723c751e8b465ee728b)
Start importing Assets/CubePeopleDemo/Prefabs/Demo/Ch_0CP01F00P.prefab using Guid(b7dfe052032a7f646819d41f2010f0da) Importer(815301076,1909f56bfc062723c751e8b465ee728b)  -> (artifact id: '958444cee1c561639697d3f607bade20') in 0.014609 seconds
Number of updated asset objects reloaded before import = 0
Number of asset objects unloaded after import = 87
========================================================================
Received Import Request.
  Time since last request: 0.000013 seconds.
  path: Assets/CubePeopleDemo/Prefabs/Demo/Ch_0CP01F00R.prefab
  artifactKey: Guid(51617cb82a3f96b4484267fa860bc6bc) Importer(815301076,1909f56bfc062723c751e8b465ee728b)
Start importing Assets/CubePeopleDemo/Prefabs/Demo/Ch_0CP01F00R.prefab using Guid(51617cb82a3f96b4484267fa860bc6bc) Importer(815301076,1909f56bfc062723c751e8b465ee728b)  -> (artifact id: '656124c71c49cf15fbe441c676b2936d') in 0.014160 seconds
Number of updated asset objects reloaded before import = 0
Number of asset objects unloaded after import = 87
========================================================================
Received Import Request.
  Time since last request: 0.000017 seconds.
  path: Assets/CubePeopleDemo/Prefabs/Demo/Ch_0CP01F01P.prefab
  artifactKey: Guid(1639ca6a2b827e440b6fc68c8027ed1e) Importer(815301076,1909f56bfc062723c751e8b465ee728b)
Start importing Assets/CubePeopleDemo/Prefabs/Demo/Ch_0CP01F01P.prefab using Guid(1639ca6a2b827e440b6fc68c8027ed1e) Importer(815301076,1909f56bfc062723c751e8b465ee728b)  -> (artifact id: 'ad16fc6f2be24c873d23ab80e4d252d0') in 0.013284 seconds
Number of updated asset objects reloaded before import = 0
Number of asset objects unloaded after import = 87
========================================================================
Received Import Request.
  Time since last request: 0.000013 seconds.
  path: Assets/CubePeopleDemo/Prefabs/Demo/Ch_0CP01M00Bn.prefab
  artifactKey: Guid(453f5bb4421233c4e96ca07f9f650be3) Importer(815301076,1909f56bfc062723c751e8b465ee728b)
Start importing Assets/CubePeopleDemo/Prefabs/Demo/Ch_0CP01M00Bn.prefab using Guid(453f5bb4421233c4e96ca07f9f650be3) Importer(815301076,1909f56bfc062723c751e8b465ee728b)  -> (artifact id: '9c31f4461c9ec080643a6207c32b4c43') in 0.013432 seconds
Number of updated asset objects reloaded before import = 0
Number of asset objects unloaded after import = 87
========================================================================
Received Import Request.
  Time since last request: 8.497952 seconds.
  path: Assets/CubePeopleDemo/Prefabs/Eff/Eff_Blood00.prefab
  artifactKey: Guid(b12c71d77be771142bf7094db5cfe75e) Importer(815301076,1909f56bfc062723c751e8b465ee728b)
Start importing Assets/CubePeopleDemo/Prefabs/Eff/Eff_Blood00.prefab using Guid(b12c71d77be771142bf7094db5cfe75e) Importer(815301076,1909f56bfc062723c751e8b465ee728b)  -> (artifact id: '7e497207534ddf7eeb120cc6cc4d16d7') in 0.033805 seconds
Number of updated asset objects reloaded before import = 0
Number of asset objects unloaded after import = 8
========================================================================
Received Import Request.
  Time since last request: 1.345381 seconds.
  path: Assets/CubePeopleDemo/Materials/Eff/BloodParticleMaterial.mat
  artifactKey: Guid(b1ce3126fa175844386eaddeec1da051) Importer(815301076,1909f56bfc062723c751e8b465ee728b)
Start importing Assets/CubePeopleDemo/Materials/Eff/BloodParticleMaterial.mat using Guid(b1ce3126fa175844386eaddeec1da051) Importer(815301076,1909f56bfc062723c751e8b465ee728b)  -> (artifact id: '9d0009e64e39e387b52c9e8f51d6aeb5') in 0.021196 seconds
Number of updated asset objects reloaded before import = 0
Number of asset objects unloaded after import = 2
========================================================================
Received Import Request.
  Time since last request: 104.665024 seconds.
  path: Assets/Prefab/Player_piece.prefab
  artifactKey: Guid(e538860432fff6c4a88871abe9952840) Importer(815301076,1909f56bfc062723c751e8b465ee728b)
Start importing Assets/Prefab/Player_piece.prefab using Guid(e538860432fff6c4a88871abe9952840) Importer(815301076,1909f56bfc062723c751e8b465ee728b)  -> (artifact id: 'b2b8bd67f554c4450a548243797f8dea') in 0.013277 seconds
Number of updated asset objects reloaded before import = 0
Number of asset objects unloaded after import = 154
========================================================================
Received Import Request.
  Time since last request: 101.781724 seconds.
  path: Assets/CubePeopleDemo/Materials
  artifactKey: Guid(15a6d489053fe1847b6c60a25b4ff0f3) Importer(815301076,1909f56bfc062723c751e8b465ee728b)
Start importing Assets/CubePeopleDemo/Materials using Guid(15a6d489053fe1847b6c60a25b4ff0f3) Importer(815301076,1909f56bfc062723c751e8b465ee728b)  -> (artifact id: '5e04d949f6fab802b03ceae5969dc393') in 0.000437 seconds
Number of updated asset objects reloaded before import = 0
Number of asset objects unloaded after import = 0
========================================================================
Received Import Request.
  Time since last request: 0.872229 seconds.
  path: Assets/CubePeopleDemo/Prefabs
  artifactKey: Guid(0faf0eca36496a742b836dc75554730a) Importer(815301076,1909f56bfc062723c751e8b465ee728b)
Start importing Assets/CubePeopleDemo/Prefabs using Guid(0faf0eca36496a742b836dc75554730a) Importer(815301076,1909f56bfc062723c751e8b465ee728b)  -> (artifact id: '5274451518b205f77363e62eabe90eef') in 0.000392 seconds
Number of updated asset objects reloaded before import = 0
Number of asset objects unloaded after import = 0
========================================================================
Received Import Request.
  Time since last request: 1.669423 seconds.
  path: Assets/CubePeopleDemo/Prefabs/0CP
  artifactKey: Guid(42f9be9e5ae713e42a3f886c3ade0237) Importer(815301076,1909f56bfc062723c751e8b465ee728b)
Start importing Assets/CubePeopleDemo/Prefabs/0CP using Guid(42f9be9e5ae713e42a3f886c3ade0237) Importer(815301076,1909f56bfc062723c751e8b465ee728b)  -> (artifact id: 'f25622918d22f8c485ec1c0d172deb96') in 0.000321 seconds
Number of updated asset objects reloaded before import = 0
Number of asset objects unloaded after import = 0
========================================================================
Received Import Request.
  Time since last request: 44357.112294 seconds.
  path: Assets/CubePeopleDemo/Materials/Ch/Ch_0CP00_Bottom00.mat
  artifactKey: Guid(8af3766ae13ed464fb3f48ff98d5a0a5) Importer(815301076,1909f56bfc062723c751e8b465ee728b)
Start importing Assets/CubePeopleDemo/Materials/Ch/Ch_0CP00_Bottom00.mat using Guid(8af3766ae13ed464fb3f48ff98d5a0a5) Importer(815301076,1909f56bfc062723c751e8b465ee728b)  -> (artifact id: '46de72d32c800cb98cd1a65c8a1f5025') in 0.110085 seconds
Number of updated asset objects reloaded before import = 0
Number of asset objects unloaded after import = 2
========================================================================
Received Import Request.
  Time since last request: 0.000077 seconds.
  path: Assets/CubePeopleDemo/Materials/Ch/Ch_0CP01_Bottom00.mat
  artifactKey: Guid(992f09027989adf439232bd2222f84b2) Importer(815301076,1909f56bfc062723c751e8b465ee728b)
Start importing Assets/CubePeopleDemo/Materials/Ch/Ch_0CP01_Bottom00.mat using Guid(992f09027989adf439232bd2222f84b2) Importer(815301076,1909f56bfc062723c751e8b465ee728b)  -> (artifact id: 'c6d5c3b25544ff36b297f771700c22cf') in 0.024403 seconds
Number of updated asset objects reloaded before import = 0
Number of asset objects unloaded after import = 2
========================================================================
Received Import Request.
  Time since last request: 0.000018 seconds.
  path: Assets/CubePeopleDemo/Materials/Ch/Ch_0CP01_Top01.mat
  artifactKey: Guid(aeebeed8e228cad4384ccf690b6f84ba) Importer(815301076,1909f56bfc062723c751e8b465ee728b)
Start importing Assets/CubePeopleDemo/Materials/Ch/Ch_0CP01_Top01.mat using Guid(aeebeed8e228cad4384ccf690b6f84ba) Importer(815301076,1909f56bfc062723c751e8b465ee728b)  -> (artifact id: 'e71f12a4db4547eb04b7cfb760a01a4c') in 0.024643 seconds
Number of updated asset objects reloaded before import = 0
Number of asset objects unloaded after import = 2
========================================================================
Received Import Request.
  Time since last request: 0.000012 seconds.
  path: Assets/CubePeopleDemo/Materials/Ch/Ch_0CP01_Top00.mat
  artifactKey: Guid(66a28703ca171f7419a7d08bcb89b157) Importer(815301076,1909f56bfc062723c751e8b465ee728b)
Start importing Assets/CubePeopleDemo/Materials/Ch/Ch_0CP01_Top00.mat using Guid(66a28703ca171f7419a7d08bcb89b157) Importer(815301076,1909f56bfc062723c751e8b465ee728b)  -> (artifact id: '2e3b2709b9d55819e99a2882c1297648') in 0.023405 seconds
Number of updated asset objects reloaded before import = 0
Number of asset objects unloaded after import = 2
========================================================================
Received Import Request.
  Time since last request: 1.152774 seconds.
  path: Assets/CubePeopleDemo/Materials/Demo/Blue.mat
  artifactKey: Guid(15ce044c02a0c0c4a908f2b5bc8b0794) Importer(815301076,1909f56bfc062723c751e8b465ee728b)
Start importing Assets/CubePeopleDemo/Materials/Demo/Blue.mat using Guid(15ce044c02a0c0c4a908f2b5bc8b0794) Importer(815301076,1909f56bfc062723c751e8b465ee728b)  -> (artifact id: 'c48b7c49563788e9057ce32cca9842c5') in 0.011089 seconds
Number of updated asset objects reloaded before import = 0
Number of asset objects unloaded after import = 1
========================================================================
Received Import Request.
  Time since last request: 0.000010 seconds.
  path: Assets/CubePeopleDemo/Materials/Demo/Building.mat
  artifactKey: Guid(77a89006588e824459a41efc7a2898d0) Importer(815301076,1909f56bfc062723c751e8b465ee728b)
Start importing Assets/CubePeopleDemo/Materials/Demo/Building.mat using Guid(77a89006588e824459a41efc7a2898d0) Importer(815301076,1909f56bfc062723c751e8b465ee728b)  -> (artifact id: 'c3a42975f181d75e890b5f1e406da405') in 0.009293 seconds
Number of updated asset objects reloaded before import = 0
Number of asset objects unloaded after import = 1
========================================================================
Received Import Request.
  Time since last request: 0.000009 seconds.
  path: Assets/CubePeopleDemo/Materials/Demo/Floor.mat
  artifactKey: Guid(b6bf13e287fd36341ae670e54f2a8416) Importer(815301076,1909f56bfc062723c751e8b465ee728b)
Start importing Assets/CubePeopleDemo/Materials/Demo/Floor.mat using Guid(b6bf13e287fd36341ae670e54f2a8416) Importer(815301076,1909f56bfc062723c751e8b465ee728b)  -> (artifact id: '05bffa6d1c07168c0f1f52da894504f3') in 0.006923 seconds
Number of updated asset objects reloaded before import = 0
Number of asset objects unloaded after import = 1
========================================================================
Received Import Request.
  Time since last request: 0.000010 seconds.
  path: Assets/CubePeopleDemo/Materials/Demo/LightGray.mat
  artifactKey: Guid(8d1c6cce71bb6944887dc26bac2163de) Importer(815301076,1909f56bfc062723c751e8b465ee728b)
Start importing Assets/CubePeopleDemo/Materials/Demo/LightGray.mat using Guid(8d1c6cce71bb6944887dc26bac2163de) Importer(815301076,1909f56bfc062723c751e8b465ee728b)  -> (artifact id: '80abda0c21879cb5ef66dd42a94bb696') in 0.009513 seconds
Number of updated asset objects reloaded before import = 0
Number of asset objects unloaded after import = 1
========================================================================
Received Import Request.
  Time since last request: 0.000013 seconds.
  path: Assets/CubePeopleDemo/Materials/Demo/White.mat
  artifactKey: Guid(95a1780017faba6449e3312b197c8a52) Importer(815301076,1909f56bfc062723c751e8b465ee728b)
Start importing Assets/CubePeopleDemo/Materials/Demo/White.mat using Guid(95a1780017faba6449e3312b197c8a52) Importer(815301076,1909f56bfc062723c751e8b465ee728b)  -> (artifact id: '16c417b3c8edc499194dc7386de531df') in 0.009562 seconds
Number of updated asset objects reloaded before import = 0
Number of asset objects unloaded after import = 1
========================================================================
Received Import Request.
  Time since last request: 1.174378 seconds.
  path: Assets/CubePeopleDemo/Materials/Eff/Eff_AddRed.mat
  artifactKey: Guid(5a13f336c759988499b1fdddcc5fb0b9) Importer(815301076,1909f56bfc062723c751e8b465ee728b)
Start importing Assets/CubePeopleDemo/Materials/Eff/Eff_AddRed.mat using Guid(5a13f336c759988499b1fdddcc5fb0b9) Importer(815301076,1909f56bfc062723c751e8b465ee728b)  -> (artifact id: '66ceeed4d782dadbf8ff8321264e75fc') in 0.032523 seconds
Number of updated asset objects reloaded before import = 0
Number of asset objects unloaded after import = 2
========================================================================
Received Import Request.
  Time since last request: 0.000012 seconds.
  path: Assets/CubePeopleDemo/Materials/Eff/Fx_Tail.mat
  artifactKey: Guid(c71e669a8f8c51d44b62eb0e7f095972) Importer(815301076,1909f56bfc062723c751e8b465ee728b)
Start importing Assets/CubePeopleDemo/Materials/Eff/Fx_Tail.mat using Guid(c71e669a8f8c51d44b62eb0e7f095972) Importer(815301076,1909f56bfc062723c751e8b465ee728b)  -> (artifact id: '757940b9ccfcd528cf0ee414d2d125af') in 0.013880 seconds
Number of updated asset objects reloaded before import = 0
Number of asset objects unloaded after import = 2
========================================================================
Received Import Request.
  Time since last request: 1228.765826 seconds.
  path: Assets/TextMesh Pro/Examples & Extras/Resources/Fonts & Materials/Electronic Highway Sign SDF.asset
  artifactKey: Guid(dc36b3fdc14f47ebb36fd484a67e268a) Importer(815301076,1909f56bfc062723c751e8b465ee728b)
Start importing Assets/TextMesh Pro/Examples & Extras/Resources/Fonts & Materials/Electronic Highway Sign SDF.asset using Guid(dc36b3fdc14f47ebb36fd484a67e268a) Importer(815301076,1909f56bfc062723c751e8b465ee728b)  -> (artifact id: 'cf2241723aa94dac3582451526da8843') in 0.102734 seconds
Number of updated asset objects reloaded before import = 0
Number of asset objects unloaded after import = 7
========================================================================
Received Import Request.
  Time since last request: 0.000015 seconds.
  path: Assets/TextMesh Pro/Examples & Extras/Resources/Fonts & Materials/Roboto-Bold SDF.asset
  artifactKey: Guid(5302535af1044152a457ed104f1f4b91) Importer(815301076,1909f56bfc062723c751e8b465ee728b)
Start importing Assets/TextMesh Pro/Examples & Extras/Resources/Fonts & Materials/Roboto-Bold SDF.asset using Guid(5302535af1044152a457ed104f1f4b91) Importer(815301076,1909f56bfc062723c751e8b465ee728b)  -> (artifact id: '66e38b8516945810406a1d47edfd8d09') in 0.027217 seconds
Number of updated asset objects reloaded before import = 0
Number of asset objects unloaded after import = 7
========================================================================
Received Import Request.
  Time since last request: 0.000015 seconds.
  path: Assets/TextMesh Pro/Examples & Extras/Resources/Fonts & Materials/Oswald Bold SDF.asset
  artifactKey: Guid(0161d805a3764c089bef00bfe00793f5) Importer(815301076,1909f56bfc062723c751e8b465ee728b)
Start importing Assets/TextMesh Pro/Examples & Extras/Resources/Fonts & Materials/Oswald Bold SDF.asset using Guid(0161d805a3764c089bef00bfe00793f5) Importer(815301076,1909f56bfc062723c751e8b465ee728b) Shader 'TextMeshPro/Distance Field': fallback shader 'TextMeshPro/Mobile/Distance Field' not found
 -> (artifact id: '48e32616d441731f54d9ac42d2ab0710') in 0.046987 seconds
Number of updated asset objects reloaded before import = 0
Number of asset objects unloaded after import = 7
Editor requested this worker to shutdown with reason: Scaling down because of idle timeout
TcpMessagingSession - receive error: operation aborted. errorcode: 995, details: The I/O operation has been aborted because of either a thread exit or an application request.
AssetImportWorker is now disconnected from the server
Process exiting
Exiting without the bug reporter. Application will terminate with return code 0