Using pre-set license
Built from '2022.3/staging' branch; Version is '2022.3.19f1 (244b723c30a6) revision 2378610'; Using compiler version '192829333'; Build Type 'Release'
OS: 'Windows 11  (10.0.22631) 64bit Core' Language: 'en' Physical Memory: 32602 MB
BatchMode: 1, IsHumanControllingUs: 0, StartBugReporterOnCrash: 0, Is64bit: 1, IsPro: 1

COMMAND LINE ARGUMENTS:
C:\Program Files\Unity\Hub\Editor\2022.3.19f1\Editor\Unity.exe
-adb2
-batchMode
-noUpm
-name
AssetImportWorker12
-projectPath
C:/Users/wayne/Fart_3D
-logFile
Logs/AssetImportWorker12.log
-srvPort
64155
Successfully changed project path to: C:/Users/wayne/Fart_3D
C:/Users/wayne/Fart_3D
[UnityMemory] Configuration Parameters - Can be set up in boot.config
    "memorysetup-bucket-allocator-granularity=16"
    "memorysetup-bucket-allocator-bucket-count=8"
    "memorysetup-bucket-allocator-block-size=33554432"
    "memorysetup-bucket-allocator-block-count=8"
    "memorysetup-main-allocator-block-size=16777216"
    "memorysetup-thread-allocator-block-size=16777216"
    "memorysetup-gfx-main-allocator-block-size=16777216"
    "memorysetup-gfx-thread-allocator-block-size=16777216"
    "memorysetup-cache-allocator-block-size=4194304"
    "memorysetup-typetree-allocator-block-size=2097152"
    "memorysetup-profiler-bucket-allocator-granularity=16"
    "memorysetup-profiler-bucket-allocator-bucket-count=8"
    "memorysetup-profiler-bucket-allocator-block-size=33554432"
    "memorysetup-profiler-bucket-allocator-block-count=8"
    "memorysetup-profiler-allocator-block-size=16777216"
    "memorysetup-profiler-editor-allocator-block-size=1048576"
    "memorysetup-temp-allocator-size-main=16777216"
    "memorysetup-job-temp-allocator-block-size=2097152"
    "memorysetup-job-temp-allocator-block-size-background=1048576"
    "memorysetup-job-temp-allocator-reduction-small-platforms=262144"
    "memorysetup-allocator-temp-initial-block-size-main=262144"
    "memorysetup-allocator-temp-initial-block-size-worker=262144"
    "memorysetup-temp-allocator-size-background-worker=32768"
    "memorysetup-temp-allocator-size-job-worker=262144"
    "memorysetup-temp-allocator-size-preload-manager=33554432"
    "memorysetup-temp-allocator-size-nav-mesh-worker=65536"
    "memorysetup-temp-allocator-size-audio-worker=65536"
    "memorysetup-temp-allocator-size-cloud-worker=32768"
    "memorysetup-temp-allocator-size-gi-baking-worker=262144"
    "memorysetup-temp-allocator-size-gfx=262144"
Player connection [34696] Host "[IP] 192.168.1.111 [Port] 0 [Flags] 2 [Guid] 1849529306 [EditorId] 1849529306 [Version] 1048832 [Id] WindowsEditor(7,WaynePC) [Debug] 1 [PackageName] WindowsEditor [ProjectName] Editor" joined multi-casting on [225.0.0.222:54997]...

Player connection [34696] Host "[IP] 192.168.1.111 [Port] 0 [Flags] 2 [Guid] 1849529306 [EditorId] 1849529306 [Version] 1048832 [Id] WindowsEditor(7,WaynePC) [Debug] 1 [PackageName] WindowsEditor [ProjectName] Editor" joined alternative multi-casting on [225.0.0.222:34997]...

[Physics::Module] Initialized MultithreadedJobDispatcher with 23 workers.
Refreshing native plugins compatible for Editor in 5.72 ms, found 3 plugins.
Preloading 0 native plugins for Editor in 0.00 ms.
Initialize engine version: 2022.3.19f1 (244b723c30a6)
[Subsystems] Discovering subsystems at path C:/Program Files/Unity/Hub/Editor/2022.3.19f1/Editor/Data/Resources/UnitySubsystems
[Subsystems] Discovering subsystems at path C:/Users/wayne/Fart_3D/Assets
GfxDevice: creating device client; threaded=0; jobified=0
Direct3D:
    Version:  Direct3D 11.0 [level 11.1]
    Renderer: NVIDIA GeForce RTX 4060 (ID=0x2882)
    Vendor:   NVIDIA
    VRAM:     7957 MB
    Driver:   32.0.15.6094
Initialize mono
Mono path[0] = 'C:/Program Files/Unity/Hub/Editor/2022.3.19f1/Editor/Data/Managed'
Mono path[1] = 'C:/Program Files/Unity/Hub/Editor/2022.3.19f1/Editor/Data/MonoBleedingEdge/lib/mono/unityjit-win32'
Mono config path = 'C:/Program Files/Unity/Hub/Editor/2022.3.19f1/Editor/Data/MonoBleedingEdge/etc'
Using monoOptions --debugger-agent=transport=dt_socket,embedding=1,server=y,suspend=n,address=127.0.0.1:56796
Begin MonoManager ReloadAssembly
Registering precompiled unity dll's ...
Register platform support module: C:/Program Files/Unity/Hub/Editor/2022.3.19f1/Editor/Data/PlaybackEngines/WebGLSupport/UnityEditor.WebGL.Extensions.dll
Register platform support module: C:/Program Files/Unity/Hub/Editor/2022.3.19f1/Editor/Data/PlaybackEngines/WindowsStandaloneSupport/UnityEditor.WindowsStandalone.Extensions.dll
Registered in 0.005789 seconds.
- Loaded All Assemblies, in  0.219 seconds
Native extension for WindowsStandalone target not found
Native extension for WebGL target not found
Mono: successfully reloaded assembly
- Finished resetting the current domain, in  0.155 seconds
Domain Reload Profiling: 372ms
	BeginReloadAssembly (68ms)
		ExecutionOrderSort (0ms)
		DisableScriptedObjects (0ms)
		BackupInstance (0ms)
		ReleaseScriptingObjects (0ms)
		CreateAndSetChildDomain (0ms)
	RebuildCommonClasses (19ms)
	RebuildNativeTypeToScriptingClass (6ms)
	initialDomainReloadingComplete (38ms)
	LoadAllAssembliesAndSetupDomain (86ms)
		LoadAssemblies (66ms)
		RebuildTransferFunctionScriptingTraits (0ms)
		AnalyzeDomain (85ms)
			TypeCache.Refresh (84ms)
				TypeCache.ScanAssembly (76ms)
			ScanForSourceGeneratedMonoScriptInfo (0ms)
			ResolveRequiredComponents (0ms)
	FinalizeReload (155ms)
		ReleaseScriptCaches (0ms)
		RebuildScriptCaches (0ms)
		SetupLoadedEditorAssemblies (120ms)
			LogAssemblyErrors (0ms)
			InitializePlatformSupportModulesInManaged (6ms)
			SetLoadedEditorAssemblies (3ms)
			RefreshPlugins (0ms)
			BeforeProcessingInitializeOnLoad (1ms)
			ProcessInitializeOnLoadAttributes (83ms)
			ProcessInitializeOnLoadMethodAttributes (27ms)
			AfterProcessingInitializeOnLoad (0ms)
			EditorAssembliesLoaded (0ms)
		ExecutionOrderSort2 (0ms)
		AwakeInstancesAfterBackupRestoration (0ms)
========================================================================
Worker process is ready to serve import requests
Begin MonoManager ReloadAssembly
TypeRef ResolutionScope not yet handled (218) for .IMergeView in image C:\Users\wayne\Fart_3D\Library\ScriptAssemblies\Unity.PlasticSCM.Editor.dll
Unloading broken assembly Library/ScriptAssemblies/Unity.PlasticSCM.Editor.dll, this assembly can cause crashes in the runtime
- Loaded All Assemblies, in  0.415 seconds
Refreshing native plugins compatible for Editor in 1.88 ms, found 3 plugins.
Could not load signature of Unity.PlasticSCM.Editor.Gluon.UpdateReport.UpdateReportDialog:ShowUpdateReport due to: Could not resolve type with token 0100006b from typeref (expected class 'Codice.Client.BaseCommands.ErrorMessage' in assembly 'unityplastic, Version=11.0.16.8204, Culture=neutral, PublicKeyToken=a107c9c6e34c8876') assembly:unityplastic, Version=11.0.16.8204, Culture=neutral, PublicKeyToken=a107c9c6e34c8876 type:Codice.Client.BaseCommands.ErrorMessage member:(null)
Could not load signature of Unity.PlasticSCM.Editor.Gluon.UpdateReport.UpdateReportDialog:UpdateUpdateReportList due to: Could not resolve type with token 0100006b from typeref (expected class 'Codice.Client.BaseCommands.ErrorMessage' in assembly 'unityplastic, Version=11.0.16.8204, Culture=neutral, PublicKeyToken=a107c9c6e34c8876') assembly:unityplastic, Version=11.0.16.8204, Culture=neutral, PublicKeyToken=a107c9c6e34c8876 type:Codice.Client.BaseCommands.ErrorMessage member:(null)
Could not load signature of Unity.PlasticSCM.Editor.Gluon.UpdateReport.UpdateReportDialog:GetErrorDetailsText due to: Could not resolve type with token 0100006b from typeref (expected class 'Codice.Client.BaseCommands.ErrorMessage' in assembly 'unityplastic, Version=11.0.16.8204, Culture=neutral, PublicKeyToken=a107c9c6e34c8876') assembly:unityplastic, Version=11.0.16.8204, Culture=neutral, PublicKeyToken=a107c9c6e34c8876 type:Codice.Client.BaseCommands.ErrorMessage member:(null)
Could not load signature of Unity.PlasticSCM.Editor.Gluon.UpdateReport.UpdateReportDialog:DoErrorDetailsTextArea due to: Could not resolve type with token 0100006b from typeref (expected class 'Codice.Client.BaseCommands.ErrorMessage' in assembly 'unityplastic, Version=11.0.16.8204, Culture=neutral, PublicKeyToken=a107c9c6e34c8876') assembly:unityplastic, Version=11.0.16.8204, Culture=neutral, PublicKeyToken=a107c9c6e34c8876 type:Codice.Client.BaseCommands.ErrorMessage member:(null)
Could not load signature of Unity.PlasticSCM.Editor.Gluon.UpdateReport.UpdateReportDialog:Create due to: Could not resolve type with token 0100006b from typeref (expected class 'Codice.Client.BaseCommands.ErrorMessage' in assembly 'unityplastic, Version=11.0.16.8204, Culture=neutral, PublicKeyToken=a107c9c6e34c8876') assembly:unityplastic, Version=11.0.16.8204, Culture=neutral, PublicKeyToken=a107c9c6e34c8876 type:Codice.Client.BaseCommands.ErrorMessage member:(null)
Native extension for WindowsStandalone target not found
Native extension for WebGL target not found
Package Manager log level set to [2]
[Package Manager] Server::EnsureServerProcessIsRunning -- launch failed, reason: Unity was launched with the -noUpm command-line argument
[Package Manager] UpmClient::Send -- Unable to send message (not connected to UPM process).
[Package Manager] Cannot connect to Unity Package Manager local server
Mono: successfully reloaded assembly
- Finished resetting the current domain, in  0.337 seconds
Domain Reload Profiling: 750ms
	BeginReloadAssembly (91ms)
		ExecutionOrderSort (0ms)
		DisableScriptedObjects (3ms)
		BackupInstance (0ms)
		ReleaseScriptingObjects (0ms)
		CreateAndSetChildDomain (13ms)
	RebuildCommonClasses (21ms)
	RebuildNativeTypeToScriptingClass (6ms)
	initialDomainReloadingComplete (25ms)
	LoadAllAssembliesAndSetupDomain (271ms)
		LoadAssemblies (206ms)
		RebuildTransferFunctionScriptingTraits (0ms)
		AnalyzeDomain (120ms)
			TypeCache.Refresh (105ms)
				TypeCache.ScanAssembly (95ms)
			ScanForSourceGeneratedMonoScriptInfo (13ms)
			ResolveRequiredComponents (2ms)
	FinalizeReload (337ms)
		ReleaseScriptCaches (0ms)
		RebuildScriptCaches (0ms)
		SetupLoadedEditorAssemblies (249ms)
			LogAssemblyErrors (0ms)
			InitializePlatformSupportModulesInManaged (5ms)
			SetLoadedEditorAssemblies (3ms)
			RefreshPlugins (0ms)
			BeforeProcessingInitializeOnLoad (34ms)
			ProcessInitializeOnLoadAttributes (192ms)
			ProcessInitializeOnLoadMethodAttributes (11ms)
			AfterProcessingInitializeOnLoad (5ms)
			EditorAssembliesLoaded (0ms)
		ExecutionOrderSort2 (0ms)
		AwakeInstancesAfterBackupRestoration (4ms)
Launched and connected shader compiler UnityShaderCompiler.exe after 0.03 seconds
Refreshing native plugins compatible for Editor in 2.80 ms, found 3 plugins.
Preloading 0 native plugins for Editor in 0.00 ms.
Unloading 3112 Unused Serialized files (Serialized files now loaded: 0)
Unloading 30 unused Assets / (57.9 KB). Loaded Objects now: 3592.
Memory consumption went from 133.4 MB to 133.3 MB.
Total: 2.935300 ms (FindLiveObjects: 0.187600 ms CreateObjectMapping: 0.078100 ms MarkObjects: 2.539900 ms  DeleteObjects: 0.128300 ms)

AssetImportParameters requested are different than current active one (requested -> active):
  custom:container-demuxer-ogg: 62fdf1f143b41e24485cea50d1cbac27 -> 
  custom:scripting/precompiled-assembly-types:Unity.PlasticSCM.Editor: fa07261737969afd534745fdbb5a9ba0 -> 
  custom:video-codec-MediaFoundation-h265: 746d11721c4dcdbdad8f713fa42b33f4 -> 
  custom:video-decoder-ogg-theora: a1e56fd34408186e4bbccfd4996cb3dc -> 
  custom:framework-win-MediaFoundation: 216162199b28c13a410421893ffa2e32 -> 
  custom:CustomObjectIndexerAttribute: 6d391050e5a25f67b0a2c618074f2cd9 -> 
  custom:container-demuxer-webm: 4f35f7cbe854078d1ac9338744f61a02 -> 
  custom:container-muxer-webm: aa71ff27fc2769a1b78a27578f13a17b -> 
  custom:video-decoder-webm-vp8: 9c59270c3fd7afecdb556c50c9e8de78 -> 
  custom:SearchIndexIgnoredProperties: e643bd26f0fe6173181afceb89e7c659 -> 
  custom:AudioImporter_EditorPlatform: d09bf68614088b80899f8185d706f6e7 -> 
  custom:video-encoder-webm-vp8: eb34c28f22e8b96e1ab97ce403110664 -> 
  custom:audio-decoder-ogg-vorbis: bf7c407c2cedff20999df2af8eb42d56 -> 
  custom:audio-encoder-webm-vorbis: bf7c407c2cedff20999df2af8eb42d56 -> 
  custom:scripting/precompiled-assembly-types:unityplastic: 80ce6fce021ee75cb20edaadb7bf11e0 -> 1b07f3d0d2a7bfbf691bf3af903a2067
========================================================================
Received Import Request.
  Time since last request: 187911.305543 seconds.
  path: Assets/CubePeopleDemo/Prefabs/Demo/Building00.prefab
  artifactKey: Guid(0f9a8c9a301b9644b9154a32239695e1) Importer(815301076,1909f56bfc062723c751e8b465ee728b)
Start importing Assets/CubePeopleDemo/Prefabs/Demo/Building00.prefab using Guid(0f9a8c9a301b9644b9154a32239695e1) Importer(815301076,1909f56bfc062723c751e8b465ee728b)  -> (artifact id: 'b6d3568276988c320b59c678960d2c31') in 0.104710 seconds
Number of updated asset objects reloaded before import = 0
Number of asset objects unloaded after import = 32
========================================================================
Received Import Request.
  Time since last request: 0.000016 seconds.
  path: Assets/CubePeopleDemo/Prefabs/Demo/Ground9x9.prefab
  artifactKey: Guid(556ca040dbf613b47b3f7173ed86f19c) Importer(815301076,1909f56bfc062723c751e8b465ee728b)
Start importing Assets/CubePeopleDemo/Prefabs/Demo/Ground9x9.prefab using Guid(556ca040dbf613b47b3f7173ed86f19c) Importer(815301076,1909f56bfc062723c751e8b465ee728b)  -> (artifact id: '7edd4c6aa2dd2a89390c4cf7e3e890d2') in 0.016935 seconds
Number of updated asset objects reloaded before import = 0
Number of asset objects unloaded after import = 10
========================================================================
Received Import Request.
  Time since last request: 0.000018 seconds.
  path: Assets/CubePeopleDemo/Prefabs/Demo/Ch_0CP01F01R.prefab
  artifactKey: Guid(0e8f514fcfc0fe043b646733b0e53910) Importer(815301076,1909f56bfc062723c751e8b465ee728b)
Start importing Assets/CubePeopleDemo/Prefabs/Demo/Ch_0CP01F01R.prefab using Guid(0e8f514fcfc0fe043b646733b0e53910) Importer(815301076,1909f56bfc062723c751e8b465ee728b)  -> (artifact id: '8b18d7f826e3e8ca6200cc6d24c8da8f') in 0.039709 seconds
Number of updated asset objects reloaded before import = 0
Number of asset objects unloaded after import = 87
========================================================================
Received Import Request.
  Time since last request: 0.000011 seconds.
  path: Assets/CubePeopleDemo/Prefabs/Demo/Road_Crosswalk.prefab
  artifactKey: Guid(e001c27e96061ee42a044393d783db32) Importer(815301076,1909f56bfc062723c751e8b465ee728b)
Start importing Assets/CubePeopleDemo/Prefabs/Demo/Road_Crosswalk.prefab using Guid(e001c27e96061ee42a044393d783db32) Importer(815301076,1909f56bfc062723c751e8b465ee728b)  -> (artifact id: '1f9f8a5ab77fff87fb3621702cf3d620') in 0.012167 seconds
Number of updated asset objects reloaded before import = 0
Number of asset objects unloaded after import = 43
========================================================================
Received Import Request.
  Time since last request: 0.000012 seconds.
  path: Assets/CubePeopleDemo/Prefabs/Demo/Ch_0CP00M00.prefab
  artifactKey: Guid(f761c98b0405f614f89f330ba43d22c0) Importer(815301076,1909f56bfc062723c751e8b465ee728b)
Start importing Assets/CubePeopleDemo/Prefabs/Demo/Ch_0CP00M00.prefab using Guid(f761c98b0405f614f89f330ba43d22c0) Importer(815301076,1909f56bfc062723c751e8b465ee728b)  -> (artifact id: '1d1b35ebc5d182cb7068dc7dda4f2f50') in 0.012442 seconds
Number of updated asset objects reloaded before import = 0
Number of asset objects unloaded after import = 87
========================================================================
Received Import Request.
  Time since last request: 0.000019 seconds.
  path: Assets/CubePeopleDemo/Prefabs/Demo/Ch_0CP00F00W.prefab
  artifactKey: Guid(5884bec701efd3642a70e0a69134f535) Importer(815301076,1909f56bfc062723c751e8b465ee728b)
Start importing Assets/CubePeopleDemo/Prefabs/Demo/Ch_0CP00F00W.prefab using Guid(5884bec701efd3642a70e0a69134f535) Importer(815301076,1909f56bfc062723c751e8b465ee728b)  -> (artifact id: '7dfec08ae7702574d437033c6499ca17') in 0.013171 seconds
Number of updated asset objects reloaded before import = 0
Number of asset objects unloaded after import = 87
========================================================================
Received Import Request.
  Time since last request: 0.000015 seconds.
  path: Assets/CubePeopleDemo/Prefabs/Demo/Ch_0CP00M00Bn.prefab
  artifactKey: Guid(d29291321a58c0442b703d694ff4806d) Importer(815301076,1909f56bfc062723c751e8b465ee728b)
Start importing Assets/CubePeopleDemo/Prefabs/Demo/Ch_0CP00M00Bn.prefab using Guid(d29291321a58c0442b703d694ff4806d) Importer(815301076,1909f56bfc062723c751e8b465ee728b)  -> (artifact id: '0d734543ef854f512270be5e6702259d') in 0.012381 seconds
Number of updated asset objects reloaded before import = 0
Number of asset objects unloaded after import = 87
========================================================================
Received Import Request.
  Time since last request: 0.000015 seconds.
  path: Assets/CubePeopleDemo/Prefabs/Demo/Ch_0CP01F00Bn.prefab
  artifactKey: Guid(552a898ebe6ea484aa4919ff755a19ab) Importer(815301076,1909f56bfc062723c751e8b465ee728b)
Start importing Assets/CubePeopleDemo/Prefabs/Demo/Ch_0CP01F00Bn.prefab using Guid(552a898ebe6ea484aa4919ff755a19ab) Importer(815301076,1909f56bfc062723c751e8b465ee728b)  -> (artifact id: 'e0e3c813565de6ce5850908c6832c4a5') in 0.012201 seconds
Number of updated asset objects reloaded before import = 0
Number of asset objects unloaded after import = 87
========================================================================
Received Import Request.
  Time since last request: 8.508400 seconds.
  path: Assets/CubePeopleDemo/Prefabs/Eff/Eff_Explosion.prefab
  artifactKey: Guid(0519b8d749b17c1419eeb826b05e99e1) Importer(815301076,1909f56bfc062723c751e8b465ee728b)
Start importing Assets/CubePeopleDemo/Prefabs/Eff/Eff_Explosion.prefab using Guid(0519b8d749b17c1419eeb826b05e99e1) Importer(815301076,1909f56bfc062723c751e8b465ee728b)  -> (artifact id: '3b6871192b373754dff54046f01cd8ce') in 0.034367 seconds
Number of updated asset objects reloaded before import = 0
Number of asset objects unloaded after import = 20
========================================================================
Received Import Request.
  Time since last request: 44567.483919 seconds.
  path: Assets/CubePeopleDemo/Materials/Ch/Ch_0CP00_Top00.mat
  artifactKey: Guid(7da70b30f820f344fa049add3290e5f0) Importer(815301076,1909f56bfc062723c751e8b465ee728b)
Start importing Assets/CubePeopleDemo/Materials/Ch/Ch_0CP00_Top00.mat using Guid(7da70b30f820f344fa049add3290e5f0) Importer(815301076,1909f56bfc062723c751e8b465ee728b)  -> (artifact id: '586258de6c6477a82630099440c7e5f7') in 0.167294 seconds
Number of updated asset objects reloaded before import = 0
Number of asset objects unloaded after import = 2
========================================================================
Received Import Request.
  Time since last request: 0.000066 seconds.
  path: Assets/CubePeopleDemo/Materials/Ch/Ch_0CP01_Bottom01.mat
  artifactKey: Guid(89297f4e1ed19c741a5ffbfee83b6e18) Importer(815301076,1909f56bfc062723c751e8b465ee728b)
Start importing Assets/CubePeopleDemo/Materials/Ch/Ch_0CP01_Bottom01.mat using Guid(89297f4e1ed19c741a5ffbfee83b6e18) Importer(815301076,1909f56bfc062723c751e8b465ee728b)  -> (artifact id: '1320259ac2a4fcb15b4be8ade353d14e') in 0.019313 seconds
Number of updated asset objects reloaded before import = 0
Number of asset objects unloaded after import = 2
========================================================================
Received Import Request.
  Time since last request: 1.151603 seconds.
  path: Assets/CubePeopleDemo/Materials/Demo/Brown.mat
  artifactKey: Guid(77cc2efca1f90c94ebccf1c6deee5b53) Importer(815301076,1909f56bfc062723c751e8b465ee728b)
Start importing Assets/CubePeopleDemo/Materials/Demo/Brown.mat using Guid(77cc2efca1f90c94ebccf1c6deee5b53) Importer(815301076,1909f56bfc062723c751e8b465ee728b)  -> (artifact id: '29c9e40a533b334e5515d6f7f29d1e87') in 0.008211 seconds
Number of updated asset objects reloaded before import = 0
Number of asset objects unloaded after import = 1
========================================================================
Received Import Request.
  Time since last request: 0.000010 seconds.
  path: Assets/CubePeopleDemo/Materials/Demo/DarkGray.mat
  artifactKey: Guid(d174cbd5926f3d04d946ac3f7e025f00) Importer(815301076,1909f56bfc062723c751e8b465ee728b)
Start importing Assets/CubePeopleDemo/Materials/Demo/DarkGray.mat using Guid(d174cbd5926f3d04d946ac3f7e025f00) Importer(815301076,1909f56bfc062723c751e8b465ee728b)  -> (artifact id: '28570ee418faf4a03c198067f96a027a') in 0.008134 seconds
Number of updated asset objects reloaded before import = 0
Number of asset objects unloaded after import = 1
========================================================================
Received Import Request.
  Time since last request: 0.000009 seconds.
  path: Assets/CubePeopleDemo/Materials/Demo/Green.mat
  artifactKey: Guid(efbc67a18a0c61840bf1f762c2c250c5) Importer(815301076,1909f56bfc062723c751e8b465ee728b)
Start importing Assets/CubePeopleDemo/Materials/Demo/Green.mat using Guid(efbc67a18a0c61840bf1f762c2c250c5) Importer(815301076,1909f56bfc062723c751e8b465ee728b)  -> (artifact id: '9a10e3de3695f558967f79a3e495c136') in 0.008064 seconds
Number of updated asset objects reloaded before import = 0
Number of asset objects unloaded after import = 1
========================================================================
Received Import Request.
  Time since last request: 0.000010 seconds.
  path: Assets/CubePeopleDemo/Materials/Demo/Red.mat
  artifactKey: Guid(c366869bcf50f9845a034ea65c2c8549) Importer(815301076,1909f56bfc062723c751e8b465ee728b)
Start importing Assets/CubePeopleDemo/Materials/Demo/Red.mat using Guid(c366869bcf50f9845a034ea65c2c8549) Importer(815301076,1909f56bfc062723c751e8b465ee728b)  -> (artifact id: '33d3c0dc071aa63c2ef1cf3598688aa4') in 0.008323 seconds
Number of updated asset objects reloaded before import = 0
Number of asset objects unloaded after import = 1
========================================================================
Received Import Request.
  Time since last request: 1.187964 seconds.
  path: Assets/CubePeopleDemo/Materials/Eff/Eff_Glow00.mat
  artifactKey: Guid(ba76a4c6dc90fa54b979e14a185c12c5) Importer(815301076,1909f56bfc062723c751e8b465ee728b)
Start importing Assets/CubePeopleDemo/Materials/Eff/Eff_Glow00.mat using Guid(ba76a4c6dc90fa54b979e14a185c12c5) Importer(815301076,1909f56bfc062723c751e8b465ee728b)  -> (artifact id: '63d3b8d2d3f2d6c20ce87d47359e5e4b') in 0.036345 seconds
Number of updated asset objects reloaded before import = 0
Number of asset objects unloaded after import = 2
Editor requested this worker to shutdown with reason: Scaling down because of idle timeout
TcpMessagingSession - receive error: operation aborted. errorcode: 995, details: The I/O operation has been aborted because of either a thread exit or an application request.
AssetImportWorker is now disconnected from the server
Process exiting
Exiting without the bug reporter. Application will terminate with return code 0